COMPUTE_DTYPE: torch.float32 (auto-detected: no CUDA (CPU/MPS))
wandb: [wandb.login()] Loaded credentials for https://api.wandb.ai from /home/keef/.netrc.
wandb: Currently logged in as: kwizzlesurp10 (kwizzlesurp10-sevtech) to https://api.wandb.ai. Use `wandb login --relogin` to force relogin
wandb: Tracking run with wandb version 0.25.1
wandb: Run data is saved locally in /home/keef/nanochatkwizzle/wandb/run-20260321_200023-5shh7jdm
wandb: Run `wandb offline` to turn off syncing.
wandb: Syncing run browser_verify_sft_fast_v2
wandb: ⭐️ View project at https://wandb.ai/kwizzlesurp10-sevtech/nanochat-sft
wandb: 🚀 View run at https://wandb.ai/kwizzlesurp10-sevtech/nanochat-sft/runs/5shh7jdm
2026-03-21 20:00:26,313 - nanochat.checkpoint_manager - [32m[1mINFO[0m - Loading model from /home/keef/.cache/nanochat/base_checkpoints/browser_verify with step 50
2026-03-21 20:00:26,324 - nanochat.checkpoint_manager - [32m[1mINFO[0m - Building model with config: {'sequence_len': 256, 'vocab_size': 32768, 'n_layer': 2, 'n_head': 1, 'n_kv_head': 1, 'n_embd': 64, 'dropout': 0.1, 'lora_rank': 0, 'lora_alpha': 16, 'window_pattern': 'L'}
Attention: PyTorch SDPA (FA3 requires Hopper sm90+ with bf16).
Using max_seq_len=256
Using device_batch_size=4
NOTE: --total-batch-size=1024 overrides pretrained value of 8192
Inherited embedding_lr=0.006 from pretrained checkpoint
Inherited unembedding_lr=0.00016 from pretrained checkpoint
Inherited matrix_lr=0.0004 from pretrained checkpoint
Tokens / micro-batch / rank: 4 x 256 = 1,024
Tokens / micro-batch: 1,024
Total batch size 1,024 => gradient accumulation steps: 1
Scaling the LR for the AdamW parameters ∝1/√(64/768) = 3.464102
2026-03-21 20:00:27,061 - nanochat.checkpoint_manager - [32m[1mINFO[0m - Loading optimizer state from /home/keef/.cache/nanochat/base_checkpoints/browser_verify/optim_000050_rank0.pt
Loaded optimizer state from pretrained checkpoint (momentum buffers only, LRs reset)
Training mixture: 1,071,848 rows (MMLU x3, GSM8K x4)
step 00001 (18.18%) | loss: nan | lrm: 1.00 | dt: 2355.43ms | tok/sec: 434 | mfu: 0.00 | epoch: 1 | total time: 0.00m
step 00002 (27.27%) | loss: nan | lrm: 1.00 | dt: 230.62ms | tok/sec: 4,440 | mfu: 0.00 | epoch: 1 | total time: 0.00m
step 00003 (36.36%) | loss: nan | lrm: 1.00 | dt: 200.39ms | tok/sec: 5,109 | mfu: 0.00 | epoch: 1 | total time: 0.00m
step 00004 (45.45%) | loss: nan | lrm: 1.00 | dt: 251.23ms | tok/sec: 4,075 | mfu: 0.00 | epoch: 1 | total time: 0.00m
step 00005 (54.55%) | loss: nan | lrm: 0.91 | dt: 247.40ms | tok/sec: 4,139 | mfu: 0.00 | epoch: 1 | total time: 0.00m
step 00006 (63.64%) | loss: nan | lrm: 0.73 | dt: 299.03ms | tok/sec: 3,424 | mfu: 0.00 | epoch: 1 | total time: 0.00m
step 00007 (72.73%) | loss: nan | lrm: 0.55 | dt: 198.39ms | tok/sec: 5,161 | mfu: 0.00 | epoch: 1 | total time: 0.00m
step 00008 (81.82%) | loss: nan | lrm: 0.36 | dt: 212.45ms | tok/sec: 4,819 | mfu: 0.00 | epoch: 1 | total time: 0.00m
step 00009 (90.91%) | loss: nan | lrm: 0.18 | dt: 196.47ms | tok/sec: 5,212 | mfu: 0.00 | epoch: 1 | total time: 0.00m
step 00010 (100.00%) | loss: nan | lrm: 0.00 | dt: 213.48ms | tok/sec: 4,796 | mfu: 0.00 | epoch: 1 | total time: 0.00m
