Resolved 183 packages in 0.72ms
Audited 124 packages in 0.60ms
Reset report and wrote header to /home/keef/.cache/nanochat/report/header.md
Detected small/limited GPU setup (gpus=1, vram_mib=6144).
Downshifting nanobot to: depth=4, max_seq_len=512, nproc_per_node=1, device_batch_size=1, window_pattern=L
Downloading 9 shards using 4 workers...
Target directory: /home/keef/.cache/nanochat/base_data_climbmix

Done! Downloaded: 9/9 shards to /home/keef/.cache/nanochat/base_data_climbmix
Downloading 171 shards using 4 workers...
Target directory: /home/keef/.cache/nanochat/base_data_climbmix

Skipping /home/keef/.cache/nanochat/base_data_climbmix/shard_00000.parquet (already exists)
Skipping /home/keef/.cache/nanochat/base_data_climbmix/shard_00001.parquet (already exists)
Skipping /home/keef/.cache/nanochat/base_data_climbmix/shard_00002.parquet (already exists)
Skipping /home/keef/.cache/nanochat/base_data_climbmix/shard_00003.parquet (already exists)
Skipping /home/keef/.cache/nanochat/base_data_climbmix/shard_00004.parquet (already exists)
Skipping /home/keef/.cache/nanochat/base_data_climbmix/shard_00005.parquet (already exists)
Skipping /home/keef/.cache/nanochat/base_data_climbmix/shard_00006.parquet (already exists)
Skipping /home/keef/.cache/nanochat/base_data_climbmix/shard_00007.parquet (already exists)
Skipping /home/keef/.cache/nanochat/base_data_climbmix/shard_00008.parquet (already exists)
Skipping /home/keef/.cache/nanochat/base_data_climbmix/shard_00009.parquet (already exists)
Skipping /home/keef/.cache/nanochat/base_data_climbmix/shard_00010.parquet (already exists)
Skipping /home/keef/.cache/nanochat/base_data_climbmix/shard_00044.parquet (already exists)
Skipping /home/keef/.cache/nanochat/base_data_climbmix/shard_00045.parquet (already exists)
Skipping /home/keef/.cache/nanochat/base_data_climbmix/shard_00046.parquet (already exists)
Skipping /home/keef/.cache/nanochat/base_data_climbmix/shard_00047.parquet (already exists)
Skipping /home/keef/.cache/nanochat/base_data_climbmix/shard_00048.parquet (already exists)
Skipping /home/keef/.cache/nanochat/base_data_climbmix/shard_00049.parquet (already exists)
Skipping /home/keef/.cache/nanochat/base_data_climbmix/shard_00050.parquet (already exists)
Skipping /home/keef/.cache/nanochat/base_data_climbmix/shard_00051.parquet (already exists)
Skipping /home/keef/.cache/nanochat/base_data_climbmix/shard_00052.parquet (already exists)
Skipping /home/keef/.cache/nanochat/base_data_climbmix/shard_00053.parquet (already exists)
Skipping /home/keef/.cache/nanochat/base_data_climbmix/shard_00054.parquet (already exists)
Skipping /home/keef/.cache/nanochat/base_data_climbmix/shard_00055.parquet (already exists)
Skipping /home/keef/.cache/nanochat/base_data_climbmix/shard_00056.parquet (already exists)
Skipping /home/keef/.cache/nanochat/base_data_climbmix/shard_00057.parquet (already exists)
Skipping /home/keef/.cache/nanochat/base_data_climbmix/shard_00058.parquet (already exists)
Skipping /home/keef/.cache/nanochat/base_data_climbmix/shard_00059.parquet (already exists)
Skipping /home/keef/.cache/nanochat/base_data_climbmix/shard_00060.parquet (already exists)
Skipping /home/keef/.cache/nanochat/base_data_climbmix/shard_00061.parquet (already exists)
Skipping /home/keef/.cache/nanochat/base_data_climbmix/shard_00062.parquet (already exists)
Skipping /home/keef/.cache/nanochat/base_data_climbmix/shard_00063.parquet (already exists)
Skipping /home/keef/.cache/nanochat/base_data_climbmix/shard_00064.parquet (already exists)
Skipping /home/keef/.cache/nanochat/base_data_climbmix/shard_00065.parquet (already exists)
Skipping /home/keef/.cache/nanochat/base_data_climbmix/shard_00077.parquet (already exists)
Skipping /home/keef/.cache/nanochat/base_data_climbmix/shard_00078.parquet (already exists)
Skipping /home/keef/.cache/nanochat/base_data_climbmix/shard_00079.parquet (already exists)
Skipping /home/keef/.cache/nanochat/base_data_climbmix/shard_00080.parquet (already exists)
Skipping /home/keef/.cache/nanochat/base_data_climbmix/shard_00081.parquet (already exists)
Skipping /home/keef/.cache/nanochat/base_data_climbmix/shard_00082.parquet (already exists)
Skipping /home/keef/.cache/nanochat/base_data_climbmix/shard_00083.parquet (already exists)
Skipping /home/keef/.cache/nanochat/base_data_climbmix/shard_00084.parquet (already exists)
Skipping /home/keef/.cache/nanochat/base_data_climbmix/shard_00085.parquet (already exists)
Skipping /home/keef/.cache/nanochat/base_data_climbmix/shard_00086.parquet (already exists)
Skipping /home/keef/.cache/nanochat/base_data_climbmix/shard_00087.parquet (already exists)
Skipping /home/keef/.cache/nanochat/base_data_climbmix/shard_00099.parquet (already exists)
Skipping /home/keef/.cache/nanochat/base_data_climbmix/shard_00100.parquet (already exists)
Skipping /home/keef/.cache/nanochat/base_data_climbmix/shard_00101.parquet (already exists)
Skipping /home/keef/.cache/nanochat/base_data_climbmix/shard_00102.parquet (already exists)
Skipping /home/keef/.cache/nanochat/base_data_climbmix/shard_00103.parquet (already exists)
Skipping /home/keef/.cache/nanochat/base_data_climbmix/shard_00104.parquet (already exists)
Skipping /home/keef/.cache/nanochat/base_data_climbmix/shard_00105.parquet (already exists)
Skipping /home/keef/.cache/nanochat/base_data_climbmix/shard_00106.parquet (already exists)
Skipping /home/keef/.cache/nanochat/base_data_climbmix/shard_00107.parquet (already exists)
Skipping /home/keef/.cache/nanochat/base_data_climbmix/shard_00108.parquet (already exists)
Skipping /home/keef/.cache/nanochat/base_data_climbmix/shard_00109.parquet (already exists)
Skipping /home/keef/.cache/nanochat/base_data_climbmix/shard_00121.parquet (already exists)
Skipping /home/keef/.cache/nanochat/base_data_climbmix/shard_00122.parquet (already exists)
Skipping /home/keef/.cache/nanochat/base_data_climbmix/shard_00123.parquet (already exists)
Skipping /home/keef/.cache/nanochat/base_data_climbmix/shard_00124.parquet (already exists)
Skipping /home/keef/.cache/nanochat/base_data_climbmix/shard_00125.parquet (already exists)
Skipping /home/keef/.cache/nanochat/base_data_climbmix/shard_00126.parquet (already exists)
Skipping /home/keef/.cache/nanochat/base_data_climbmix/shard_00127.parquet (already exists)
Skipping /home/keef/.cache/nanochat/base_data_climbmix/shard_00128.parquet (already exists)
Skipping /home/keef/.cache/nanochat/base_data_climbmix/shard_00129.parquet (already exists)
Skipping /home/keef/.cache/nanochat/base_data_climbmix/shard_00130.parquet (already exists)
Skipping /home/keef/.cache/nanochat/base_data_climbmix/shard_00131.parquet (already exists)
Skipping /home/keef/.cache/nanochat/base_data_climbmix/shard_00022.parquet (already exists)
Skipping /home/keef/.cache/nanochat/base_data_climbmix/shard_00023.parquet (already exists)
Skipping /home/keef/.cache/nanochat/base_data_climbmix/shard_00024.parquet (already exists)
Skipping /home/keef/.cache/nanochat/base_data_climbmix/shard_00025.parquet (already exists)
Skipping /home/keef/.cache/nanochat/base_data_climbmix/shard_00026.parquet (already exists)
Skipping /home/keef/.cache/nanochat/base_data_climbmix/shard_00027.parquet (already exists)
Skipping /home/keef/.cache/nanochat/base_data_climbmix/shard_00028.parquet (already exists)
Skipping /home/keef/.cache/nanochat/base_data_climbmix/shard_00029.parquet (already exists)
Skipping /home/keef/.cache/nanochat/base_data_climbmix/shard_00030.parquet (already exists)
Skipping /home/keef/.cache/nanochat/base_data_climbmix/shard_00031.parquet (already exists)
Skipping /home/keef/.cache/nanochat/base_data_climbmix/shard_00032.parquet (already exists)
Skipping /home/keef/.cache/nanochat/base_data_climbmix/shard_00088.parquet (already exists)
Skipping /home/keef/.cache/nanochat/base_data_climbmix/shard_00089.parquet (already exists)
Skipping /home/keef/.cache/nanochat/base_data_climbmix/shard_00090.parquet (already exists)
Skipping /home/keef/.cache/nanochat/base_data_climbmix/shard_00091.parquet (already exists)
Skipping /home/keef/.cache/nanochat/base_data_climbmix/shard_00092.parquet (already exists)
Skipping /home/keef/.cache/nanochat/base_data_climbmix/shard_00093.parquet (already exists)
Skipping /home/keef/.cache/nanochat/base_data_climbmix/shard_00094.parquet (already exists)
Skipping /home/keef/.cache/nanochat/base_data_climbmix/shard_00095.parquet (already exists)
Skipping /home/keef/.cache/nanochat/base_data_climbmix/shard_00096.parquet (already exists)
Skipping /home/keef/.cache/nanochat/base_data_climbmix/shard_00097.parquet (already exists)
Skipping /home/keef/.cache/nanochat/base_data_climbmix/shard_00098.parquet (already exists)
Skipping /home/keef/.cache/nanochat/base_data_climbmix/shard_00132.parquet (already exists)
Skipping /home/keef/.cache/nanochat/base_data_climbmix/shard_00133.parquet (already exists)
Skipping /home/keef/.cache/nanochat/base_data_climbmix/shard_00134.parquet (already exists)
Skipping /home/keef/.cache/nanochat/base_data_climbmix/shard_00135.parquet (already exists)
Skipping /home/keef/.cache/nanochat/base_data_climbmix/shard_00136.parquet (already exists)
Skipping /home/keef/.cache/nanochat/base_data_climbmix/shard_00137.parquet (already exists)
Skipping /home/keef/.cache/nanochat/base_data_climbmix/shard_00138.parquet (already exists)
Skipping /home/keef/.cache/nanochat/base_data_climbmix/shard_00139.parquet (already exists)
Skipping /home/keef/.cache/nanochat/base_data_climbmix/shard_00140.parquet (already exists)
Skipping /home/keef/.cache/nanochat/base_data_climbmix/shard_00141.parquet (already exists)
Skipping /home/keef/.cache/nanochat/base_data_climbmix/shard_00142.parquet (already exists)
2026-03-20 06:40:27,144 - rustbpe - [32m[1mINFO[0m - Processing sequences from iterator (buffer_size: 8192)
Done! Downloaded: 171/171 shards to /home/keef/.cache/nanochat/base_data_climbmix
2026-03-20 06:40:58,149 - rustbpe - [32m[1mINFO[0m - Processed 758523 sequences total, 2098273 unique
2026-03-20 06:40:58,251 - rustbpe - [32m[1mINFO[0m - Starting BPE training: 32503 merges to compute
2026-03-20 06:40:58,251 - rustbpe - [32m[1mINFO[0m - Computing initial pair counts from 2098273 unique sequences
2026-03-20 06:40:59,361 - rustbpe - [32m[1mINFO[0m - Building heap with 19260 unique pairs
2026-03-20 06:40:59,362 - rustbpe - [32m[1mINFO[0m - Starting merge loop
2026-03-20 06:41:01,686 - rustbpe - [32m[1mINFO[0m - Progress: [1m1%[0m (326/32503 merges) - Last merge: (277, 115) -> 581 (frequency: 613290)
2026-03-20 06:41:02,058 - rustbpe - [32m[1mINFO[0m - Progress: [1m2%[0m (651/32503 merges) - Last merge: (316, 291) -> 906 (frequency: 250642)
2026-03-20 06:41:02,288 - rustbpe - [32m[1mINFO[0m - Progress: [1m3%[0m (976/32503 merges) - Last merge: (119, 624) -> 1231 (frequency: 156115)
2026-03-20 06:41:02,452 - rustbpe - [32m[1mINFO[0m - Progress: [1m4%[0m (1301/32503 merges) - Last merge: (346, 280) -> 1556 (frequency: 110039)
2026-03-20 06:41:02,571 - rustbpe - [32m[1mINFO[0m - Progress: [1m5%[0m (1626/32503 merges) - Last merge: (300, 388) -> 1881 (frequency: 84284)
2026-03-20 06:41:02,675 - rustbpe - [32m[1mINFO[0m - Progress: [1m6%[0m (1951/32503 merges) - Last merge: (1144, 386) -> 2206 (frequency: 67727)
2026-03-20 06:41:02,758 - rustbpe - [32m[1mINFO[0m - Progress: [1m7%[0m (2276/32503 merges) - Last merge: (837, 2269) -> 2531 (frequency: 55610)
2026-03-20 06:41:02,831 - rustbpe - [32m[1mINFO[0m - Progress: [1m8%[0m (2601/32503 merges) - Last merge: (644, 600) -> 2856 (frequency: 47028)
2026-03-20 06:41:02,941 - rustbpe - [32m[1mINFO[0m - Progress: [1m9%[0m (2926/32503 merges) - Last merge: (98, 322) -> 3181 (frequency: 39894)
2026-03-20 06:41:03,017 - rustbpe - [32m[1mINFO[0m - Progress: [1m10%[0m (3251/32503 merges) - Last merge: (3041, 320) -> 3506 (frequency: 34126)
2026-03-20 06:41:03,090 - rustbpe - [32m[1mINFO[0m - Progress: [1m11%[0m (3576/32503 merges) - Last merge: (257, 384) -> 3831 (frequency: 30077)
2026-03-20 06:41:03,137 - rustbpe - [32m[1mINFO[0m - Progress: [1m12%[0m (3901/32503 merges) - Last merge: (1833, 735) -> 4156 (frequency: 26416)
2026-03-20 06:41:03,205 - rustbpe - [32m[1mINFO[0m - Progress: [1m13%[0m (4226/32503 merges) - Last merge: (968, 3473) -> 4481 (frequency: 23775)
2026-03-20 06:41:03,274 - rustbpe - [32m[1mINFO[0m - Progress: [1m14%[0m (4551/32503 merges) - Last merge: (289, 438) -> 4806 (frequency: 21338)
2026-03-20 06:41:03,313 - rustbpe - [32m[1mINFO[0m - Progress: [1m15%[0m (4876/32503 merges) - Last merge: (409, 2725) -> 5131 (frequency: 19344)
2026-03-20 06:41:03,361 - rustbpe - [32m[1mINFO[0m - Progress: [1m16%[0m (5201/32503 merges) - Last merge: (266, 3869) -> 5456 (frequency: 17654)
2026-03-20 06:41:03,404 - rustbpe - [32m[1mINFO[0m - Progress: [1m17%[0m (5526/32503 merges) - Last merge: (345, 1139) -> 5781 (frequency: 16294)
2026-03-20 06:41:03,440 - rustbpe - [32m[1mINFO[0m - Progress: [1m18%[0m (5851/32503 merges) - Last merge: (1397, 726) -> 6106 (frequency: 14993)
2026-03-20 06:41:03,471 - rustbpe - [32m[1mINFO[0m - Progress: [1m19%[0m (6176/32503 merges) - Last merge: (356, 115) -> 6431 (frequency: 13908)
2026-03-20 06:41:03,535 - rustbpe - [32m[1mINFO[0m - Progress: [1m20%[0m (6501/32503 merges) - Last merge: (3589, 358) -> 6756 (frequency: 12876)
2026-03-20 06:41:03,587 - rustbpe - [32m[1mINFO[0m - Progress: [1m21%[0m (6826/32503 merges) - Last merge: (1829, 116) -> 7081 (frequency: 11963)
2026-03-20 06:41:03,613 - rustbpe - [32m[1mINFO[0m - Progress: [1m22%[0m (7151/32503 merges) - Last merge: (3198, 388) -> 7406 (frequency: 11153)
2026-03-20 06:41:03,653 - rustbpe - [32m[1mINFO[0m - Progress: [1m23%[0m (7476/32503 merges) - Last merge: (83, 109) -> 7731 (frequency: 10513)
2026-03-20 06:41:03,690 - rustbpe - [32m[1mINFO[0m - Progress: [1m24%[0m (7801/32503 merges) - Last merge: (1523, 274) -> 8056 (frequency: 9859)
2026-03-20 06:41:03,716 - rustbpe - [32m[1mINFO[0m - Progress: [1m25%[0m (8126/32503 merges) - Last merge: (276, 779) -> 8381 (frequency: 9284)
2026-03-20 06:41:03,754 - rustbpe - [32m[1mINFO[0m - Progress: [1m26%[0m (8451/32503 merges) - Last merge: (264, 258) -> 8706 (frequency: 8800)
2026-03-20 06:41:03,787 - rustbpe - [32m[1mINFO[0m - Progress: [1m27%[0m (8776/32503 merges) - Last merge: (446, 485) -> 9031 (frequency: 8291)
2026-03-20 06:41:03,814 - rustbpe - [32m[1mINFO[0m - Progress: [1m28%[0m (9101/32503 merges) - Last merge: (311, 5303) -> 9356 (frequency: 7846)
2026-03-20 06:41:03,849 - rustbpe - [32m[1mINFO[0m - Progress: [1m29%[0m (9426/32503 merges) - Last merge: (3938, 5300) -> 9681 (frequency: 7442)
2026-03-20 06:41:03,876 - rustbpe - [32m[1mINFO[0m - Progress: [1m30%[0m (9751/32503 merges) - Last merge: (403, 378) -> 10006 (frequency: 7105)
2026-03-20 06:41:03,893 - rustbpe - [32m[1mINFO[0m - Progress: [1m31%[0m (10076/32503 merges) - Last merge: (1632, 432) -> 10331 (frequency: 6733)
2026-03-20 06:41:03,928 - rustbpe - [32m[1mINFO[0m - Progress: [1m32%[0m (10401/32503 merges) - Last merge: (463, 112) -> 10656 (frequency: 6411)
2026-03-20 06:41:03,956 - rustbpe - [32m[1mINFO[0m - Progress: [1m33%[0m (10726/32503 merges) - Last merge: (2885, 1642) -> 10981 (frequency: 6107)
2026-03-20 06:41:03,987 - rustbpe - [32m[1mINFO[0m - Progress: [1m34%[0m (11052/32503 merges) - Last merge: (7338, 659) -> 11307 (frequency: 5823)
2026-03-20 06:41:04,015 - rustbpe - [32m[1mINFO[0m - Progress: [1m35%[0m (11377/32503 merges) - Last merge: (366, 466) -> 11632 (frequency: 5557)
2026-03-20 06:41:04,040 - rustbpe - [32m[1mINFO[0m - Progress: [1m36%[0m (11702/32503 merges) - Last merge: (6414, 3329) -> 11957 (frequency: 5302)
2026-03-20 06:41:04,064 - rustbpe - [32m[1mINFO[0m - Progress: [1m37%[0m (12027/32503 merges) - Last merge: (317, 2969) -> 12282 (frequency: 5078)
2026-03-20 06:41:04,090 - rustbpe - [32m[1mINFO[0m - Progress: [1m38%[0m (12352/32503 merges) - Last merge: (329, 98) -> 12607 (frequency: 4876)
2026-03-20 06:41:04,108 - rustbpe - [32m[1mINFO[0m - Progress: [1m39%[0m (12677/32503 merges) - Last merge: (296, 2198) -> 12932 (frequency: 4667)
2026-03-20 06:41:04,149 - rustbpe - [32m[1mINFO[0m - Progress: [1m40%[0m (13002/32503 merges) - Last merge: (1033, 10279) -> 13257 (frequency: 4466)
2026-03-20 06:41:04,175 - rustbpe - [32m[1mINFO[0m - Progress: [1m41%[0m (13327/32503 merges) - Last merge: (6205, 481) -> 13582 (frequency: 4293)
2026-03-20 06:41:04,193 - rustbpe - [32m[1mINFO[0m - Progress: [1m42%[0m (13652/32503 merges) - Last merge: (6098, 280) -> 13907 (frequency: 4134)
2026-03-20 06:41:04,212 - rustbpe - [32m[1mINFO[0m - Progress: [1m43%[0m (13977/32503 merges) - Last merge: (404, 836) -> 14232 (frequency: 3983)
2026-03-20 06:41:04,231 - rustbpe - [32m[1mINFO[0m - Progress: [1m44%[0m (14302/32503 merges) - Last merge: (264, 3056) -> 14557 (frequency: 3831)
2026-03-20 06:41:04,259 - rustbpe - [32m[1mINFO[0m - Progress: [1m45%[0m (14627/32503 merges) - Last merge: (8335, 115) -> 14882 (frequency: 3688)
2026-03-20 06:41:04,291 - rustbpe - [32m[1mINFO[0m - Progress: [1m46%[0m (14952/32503 merges) - Last merge: (273, 5886) -> 15207 (frequency: 3557)
2026-03-20 06:41:04,306 - rustbpe - [32m[1mINFO[0m - Progress: [1m47%[0m (15277/32503 merges) - Last merge: (5397, 581) -> 15532 (frequency: 3427)
2026-03-20 06:41:04,320 - rustbpe - [32m[1mINFO[0m - Progress: [1m48%[0m (15602/32503 merges) - Last merge: (3539, 1400) -> 15857 (frequency: 3307)
2026-03-20 06:41:04,340 - rustbpe - [32m[1mINFO[0m - Progress: [1m49%[0m (15927/32503 merges) - Last merge: (954, 258) -> 16182 (frequency: 3191)
2026-03-20 06:41:04,361 - rustbpe - [32m[1mINFO[0m - Progress: [1m50%[0m (16252/32503 merges) - Last merge: (282, 1124) -> 16507 (frequency: 3088)
2026-03-20 06:41:04,380 - rustbpe - [32m[1mINFO[0m - Progress: [1m51%[0m (16577/32503 merges) - Last merge: (1790, 11915) -> 16832 (frequency: 2986)
2026-03-20 06:41:04,400 - rustbpe - [32m[1mINFO[0m - Progress: [1m52%[0m (16902/32503 merges) - Last merge: (3608, 3279) -> 17157 (frequency: 2894)
2026-03-20 06:41:04,416 - rustbpe - [32m[1mINFO[0m - Progress: [1m53%[0m (17227/32503 merges) - Last merge: (404, 8211) -> 17482 (frequency: 2807)
2026-03-20 06:41:04,440 - rustbpe - [32m[1mINFO[0m - Progress: [1m54%[0m (17552/32503 merges) - Last merge: (447, 8844) -> 17807 (frequency: 2732)
2026-03-20 06:41:04,460 - rustbpe - [32m[1mINFO[0m - Progress: [1m55%[0m (17877/32503 merges) - Last merge: (2016, 1223) -> 18132 (frequency: 2655)
2026-03-20 06:41:04,476 - rustbpe - [32m[1mINFO[0m - Progress: [1m56%[0m (18202/32503 merges) - Last merge: (461, 268) -> 18457 (frequency: 2573)
2026-03-20 06:41:04,490 - rustbpe - [32m[1mINFO[0m - Progress: [1m57%[0m (18527/32503 merges) - Last merge: (265, 274) -> 18782 (frequency: 2499)
2026-03-20 06:41:04,502 - rustbpe - [32m[1mINFO[0m - Progress: [1m58%[0m (18852/32503 merges) - Last merge: (431, 4264) -> 19107 (frequency: 2431)
2026-03-20 06:41:04,526 - rustbpe - [32m[1mINFO[0m - Progress: [1m59%[0m (19177/32503 merges) - Last merge: (860, 434) -> 19432 (frequency: 2363)
2026-03-20 06:41:04,539 - rustbpe - [32m[1mINFO[0m - Progress: [1m60%[0m (19502/32503 merges) - Last merge: (489, 1629) -> 19757 (frequency: 2293)
2026-03-20 06:41:04,558 - rustbpe - [32m[1mINFO[0m - Progress: [1m61%[0m (19827/32503 merges) - Last merge: (316, 111) -> 20082 (frequency: 2234)
2026-03-20 06:41:04,573 - rustbpe - [32m[1mINFO[0m - Progress: [1m62%[0m (20152/32503 merges) - Last merge: (373, 17797) -> 20407 (frequency: 2174)
2026-03-20 06:41:04,587 - rustbpe - [32m[1mINFO[0m - Progress: [1m63%[0m (20477/32503 merges) - Last merge: (6072, 1429) -> 20732 (frequency: 2121)
2026-03-20 06:41:04,604 - rustbpe - [32m[1mINFO[0m - Progress: [1m64%[0m (20802/32503 merges) - Last merge: (5829, 1269) -> 21057 (frequency: 2065)
2026-03-20 06:41:04,615 - rustbpe - [32m[1mINFO[0m - Progress: [1m65%[0m (21127/32503 merges) - Last merge: (3781, 4610) -> 21382 (frequency: 2011)
2026-03-20 06:41:04,631 - rustbpe - [32m[1mINFO[0m - Progress: [1m66%[0m (21452/32503 merges) - Last merge: (1520, 8522) -> 21707 (frequency: 1958)
2026-03-20 06:41:04,652 - rustbpe - [32m[1mINFO[0m - Progress: [1m67%[0m (21778/32503 merges) - Last merge: (468, 2578) -> 22033 (frequency: 1905)
2026-03-20 06:41:04,664 - rustbpe - [32m[1mINFO[0m - Progress: [1m68%[0m (22103/32503 merges) - Last merge: (738, 9526) -> 22358 (frequency: 1858)
2026-03-20 06:41:04,687 - rustbpe - [32m[1mINFO[0m - Progress: [1m69%[0m (22428/32503 merges) - Last merge: (12489, 6674) -> 22683 (frequency: 1813)
2026-03-20 06:41:04,699 - rustbpe - [32m[1mINFO[0m - Progress: [1m70%[0m (22753/32503 merges) - Last merge: (270, 12737) -> 23008 (frequency: 1768)
2026-03-20 06:41:04,709 - rustbpe - [32m[1mINFO[0m - Progress: [1m71%[0m (23078/32503 merges) - Last merge: (440, 6764) -> 23333 (frequency: 1724)
2026-03-20 06:41:04,722 - rustbpe - [32m[1mINFO[0m - Progress: [1m72%[0m (23403/32503 merges) - Last merge: (1942, 99) -> 23658 (frequency: 1683)
2026-03-20 06:41:04,735 - rustbpe - [32m[1mINFO[0m - Progress: [1m73%[0m (23728/32503 merges) - Last merge: (5931, 263) -> 23983 (frequency: 1645)
2026-03-20 06:41:04,745 - rustbpe - [32m[1mINFO[0m - Progress: [1m74%[0m (24053/32503 merges) - Last merge: (287, 508) -> 24308 (frequency: 1605)
2026-03-20 06:41:04,754 - rustbpe - [32m[1mINFO[0m - Progress: [1m75%[0m (24378/32503 merges) - Last merge: (2745, 833) -> 24633 (frequency: 1570)
2026-03-20 06:41:04,770 - rustbpe - [32m[1mINFO[0m - Progress: [1m76%[0m (24703/32503 merges) - Last merge: (319, 2622) -> 24958 (frequency: 1532)
2026-03-20 06:41:04,780 - rustbpe - [32m[1mINFO[0m - Progress: [1m77%[0m (25028/32503 merges) - Last merge: (5001, 14668) -> 25283 (frequency: 1498)
2026-03-20 06:41:04,792 - rustbpe - [32m[1mINFO[0m - Progress: [1m78%[0m (25353/32503 merges) - Last merge: (431, 6784) -> 25608 (frequency: 1464)
2026-03-20 06:41:04,802 - rustbpe - [32m[1mINFO[0m - Progress: [1m79%[0m (25678/32503 merges) - Last merge: (3395, 24564) -> 25933 (frequency: 1434)
2026-03-20 06:41:04,811 - rustbpe - [32m[1mINFO[0m - Progress: [1m80%[0m (26003/32503 merges) - Last merge: (6605, 70) -> 26258 (frequency: 1404)
2026-03-20 06:41:04,822 - rustbpe - [32m[1mINFO[0m - Progress: [1m81%[0m (26328/32503 merges) - Last merge: (87, 1206) -> 26583 (frequency: 1374)
2026-03-20 06:41:04,832 - rustbpe - [32m[1mINFO[0m - Progress: [1m82%[0m (26653/32503 merges) - Last merge: (2409, 350) -> 26908 (frequency: 1345)
2026-03-20 06:41:04,842 - rustbpe - [32m[1mINFO[0m - Progress: [1m83%[0m (26978/32503 merges) - Last merge: (1053, 471) -> 27233 (frequency: 1315)
2026-03-20 06:41:04,855 - rustbpe - [32m[1mINFO[0m - Progress: [1m84%[0m (27303/32503 merges) - Last merge: (1817, 263) -> 27558 (frequency: 1287)
2026-03-20 06:41:04,866 - rustbpe - [32m[1mINFO[0m - Progress: [1m85%[0m (27628/32503 merges) - Last merge: (18797, 810) -> 27883 (frequency: 1261)
2026-03-20 06:41:04,873 - rustbpe - [32m[1mINFO[0m - Progress: [1m86%[0m (27953/32503 merges) - Last merge: (3527, 6961) -> 28208 (frequency: 1235)
2026-03-20 06:41:04,890 - rustbpe - [32m[1mINFO[0m - Progress: [1m87%[0m (28278/32503 merges) - Last merge: (296, 335) -> 28533 (frequency: 1209)
2026-03-20 06:41:04,899 - rustbpe - [32m[1mINFO[0m - Progress: [1m88%[0m (28603/32503 merges) - Last merge: (121, 10596) -> 28858 (frequency: 1183)
2026-03-20 06:41:04,908 - rustbpe - [32m[1mINFO[0m - Progress: [1m89%[0m (28928/32503 merges) - Last merge: (20347, 1521) -> 29183 (frequency: 1157)
2026-03-20 06:41:04,916 - rustbpe - [32m[1mINFO[0m - Progress: [1m90%[0m (29253/32503 merges) - Last merge: (899, 4515) -> 29508 (frequency: 1133)
2026-03-20 06:41:04,927 - rustbpe - [32m[1mINFO[0m - Progress: [1m91%[0m (29578/32503 merges) - Last merge: (16090, 97) -> 29833 (frequency: 1114)
2026-03-20 06:41:04,935 - rustbpe - [32m[1mINFO[0m - Progress: [1m92%[0m (29903/32503 merges) - Last merge: (6697, 277) -> 30158 (frequency: 1092)
2026-03-20 06:41:04,943 - rustbpe - [32m[1mINFO[0m - Progress: [1m93%[0m (30228/32503 merges) - Last merge: (23443, 4199) -> 30483 (frequency: 1073)
2026-03-20 06:41:04,953 - rustbpe - [32m[1mINFO[0m - Progress: [1m94%[0m (30553/32503 merges) - Last merge: (6650, 2154) -> 30808 (frequency: 1052)
2026-03-20 06:41:04,966 - rustbpe - [32m[1mINFO[0m - Progress: [1m95%[0m (30878/32503 merges) - Last merge: (1689, 111) -> 31133 (frequency: 1031)
2026-03-20 06:41:04,973 - rustbpe - [32m[1mINFO[0m - Progress: [1m96%[0m (31203/32503 merges) - Last merge: (1666, 284) -> 31458 (frequency: 1011)
2026-03-20 06:41:04,981 - rustbpe - [32m[1mINFO[0m - Progress: [1m97%[0m (31528/32503 merges) - Last merge: (807, 1568) -> 31783 (frequency: 992)
2026-03-20 06:41:04,992 - rustbpe - [32m[1mINFO[0m - Progress: [1m98%[0m (31853/32503 merges) - Last merge: (348, 5350) -> 32108 (frequency: 976)
2026-03-20 06:41:04,999 - rustbpe - [32m[1mINFO[0m - Progress: [1m99%[0m (32178/32503 merges) - Last merge: (725, 29355) -> 32433 (frequency: 959)
2026-03-20 06:41:05,006 - rustbpe - [32m[1mINFO[0m - Progress: [1m100%[0m (32503/32503 merges) - Last merge: (3896, 542) -> 32758 (frequency: 942)
2026-03-20 06:41:05,006 - rustbpe - [32m[1mINFO[0m - Finished training: 32503 merges completed
max_chars: 2,000,000,000
doc_cap: 10,000
vocab_size: 32,768
use_llama_tokenizer: False
Training time: 38.28s
Saved tokenizer encoding to /home/keef/.cache/nanochat/tokenizer/tokenizer.pkl
Saved token_bytes to /home/keef/.cache/nanochat/tokenizer/token_bytes.pt

Vocab sizes:
cl100k (reference): 100277
Ours: 32768

Comparison with cl100k:
===============================================================================================
Text Type  Bytes    cl100k          Ours            Relative     Better    
                    Tokens  Ratio   Tokens  Ratio   Diff %      
-----------------------------------------------------------------------------------------------
news       1819     [92m387    [0m [92m4.70   [0m [91m405    [0m [91m4.49   [0m [91m   -4.7%[0m     cl100k    
korean     893      [92m364    [0m [92m2.45   [0m [91m749    [0m [91m1.19   [0m [91m -105.8%[0m     cl100k    
code       1259     [92m309    [0m [92m4.07   [0m [91m397    [0m [91m3.17   [0m [91m  -28.5%[0m     cl100k    
math       1834     [92m832    [0m [92m2.20   [0m [91m911    [0m [91m2.01   [0m [91m   -9.5%[0m     cl100k    
science    1112     [91m249    [0m [91m4.47   [0m [92m247    [0m [92m4.50   [0m [92m   +0.8%[0m     Ours      
fwe-train  2948778  [92m611619 [0m [92m4.82   [0m [91m622480 [0m [91m4.74   [0m [91m   -1.8%[0m     cl100k    
fwe-val    3024593  [92m631183 [0m [92m4.79   [0m [91m644914 [0m [91m4.69   [0m [91m   -2.2%[0m     cl100k    
Waiting for dataset download to complete...
============================================================
nanochat base_train
============================================================
GPU: NVIDIA GeForce GTX 1660 SUPER | Peak FLOPS (BF16): 1.00e+14
COMPUTE_DTYPE: torch.float32 (auto-detected: CUDA SM 75 (pre-Ampere, bf16 not supported, using fp32))
wandb: [wandb.login()] Loaded credentials for https://api.wandb.ai from /home/keef/.netrc.
wandb: Currently logged in as: kwizzlesurp10 (kwizzlesurp10-sevtech) to https://api.wandb.ai. Use `wandb login --relogin` to force relogin
wandb: WARNING Using a boolean value for 'reinit' is deprecated. Use 'return_previous' or 'finish_previous' instead.
wandb: setting up run ho6pw5by
wandb: Tracking run with wandb version 0.25.1
wandb: Run data is saved locally in /home/keef/nanochatkwizzle/wandb/run-20260320_064110-ho6pw5by
wandb: Run `wandb offline` to turn off syncing.
wandb: Syncing run nanobot
wandb: ⭐️ View project at https://wandb.ai/kwizzlesurp10-sevtech/nanochat
wandb: 🚀 View run at https://wandb.ai/kwizzlesurp10-sevtech/nanochat/runs/ho6pw5by
!!!!!!!!!!!!!!!!!!!!!!!!!!!!!!!!!!!!!!!!!!!!!!!!!!!!!!!!!!!!!!!!!!!!!!!!!!!!!!!!
WARNING: Flash Attention 3 not available, using PyTorch SDPA fallback
WARNING: Training will be less efficient without FA3
!!!!!!!!!!!!!!!!!!!!!!!!!!!!!!!!!!!!!!!!!!!!!!!!!!!!!!!!!!!!!!!!!!!!!!!!!!!!!!!!
Vocab size: 32,768
Model config:
{
  "sequence_len": 512,
  "vocab_size": 32768,
  "n_layer": 4,
  "n_head": 2,
  "n_kv_head": 2,
  "n_embd": 256,
  "dropout": 0.0,
  "lora_rank": 0,
  "lora_alpha": 16,
  "window_pattern": "L"
}
Parameter counts:
wte                     : 8,388,608
value_embeds            : 16,777,216
lm_head                 : 8,388,608
transformer_matrices    : 3,145,776
scalars                 : 34
total                   : 36,700,242
Estimated FLOPs per token: 7.549776e+07
Scaling LRs by 0.0312 for batch size 512 (reference: 524,288)
Scaling weight decay from 0.280000 to 0.083523 for depth 4
Scaling the LR for the AdamW parameters ∝1/√(256/768) = 1.732051
Using user-provided number of iterations: 20
Total number of training tokens: 10,240
Tokens : Scaling params ratio: 0.00
Total training FLOPs estimate: 7.730971e+11
Tokens / micro-batch / rank: 1 x 512 = 512
Tokens / micro-batch: 512
Total batch size 512 => gradient accumulation steps: 1
Step 00000 | Validation bpb: 3.342033
W0320 06:41:13.897000 1314995 .venv/lib/python3.10/site-packages/torch/_inductor/utils.py:1613] [1/0] Not enough SMs to use max_autotune_gemm mode
step 00000/00020 (0.00%) | loss: 10.396327 | lrm: 0.03 | dt: 6502.17ms | tok/sec: 78 | bf16_mfu: 0.01 | epoch: 1 pq: 0 rg: 0 | total time: 0.00m
step 00001/00020 (5.00%) | loss: 10.396562 | lrm: 0.05 | dt: 38.87ms | tok/sec: 13,172 | bf16_mfu: 0.99 | epoch: 1 pq: 0 rg: 0 | total time: 0.00m
step 00002/00020 (10.00%) | loss: 10.396308 | lrm: 0.07 | dt: 39.56ms | tok/sec: 12,942 | bf16_mfu: 0.98 | epoch: 1 pq: 0 rg: 0 | total time: 0.00m
step 00003/00020 (15.00%) | loss: 10.396208 | lrm: 0.10 | dt: 39.86ms | tok/sec: 12,844 | bf16_mfu: 0.97 | epoch: 1 pq: 0 rg: 0 | total time: 0.00m
step 00004/00020 (20.00%) | loss: 10.396353 | lrm: 0.12 | dt: 38.73ms | tok/sec: 13,218 | bf16_mfu: 1.00 | epoch: 1 pq: 0 rg: 0 | total time: 0.00m
step 00005/00020 (25.00%) | loss: 10.396512 | lrm: 0.15 | dt: 39.70ms | tok/sec: 12,897 | bf16_mfu: 0.97 | epoch: 1 pq: 0 rg: 0 | total time: 0.00m
step 00006/00020 (30.00%) | loss: 10.396088 | lrm: 0.17 | dt: 32.95ms | tok/sec: 15,540 | bf16_mfu: 1.17 | epoch: 1 pq: 0 rg: 0 | total time: 0.00m
step 00007/00020 (35.00%) | loss: 10.395504 | lrm: 0.20 | dt: 33.04ms | tok/sec: 15,497 | bf16_mfu: 1.17 | epoch: 1 pq: 0 rg: 0 | total time: 0.00m
step 00008/00020 (40.00%) | loss: 10.395291 | lrm: 0.23 | dt: 32.81ms | tok/sec: 15,605 | bf16_mfu: 1.18 | epoch: 1 pq: 0 rg: 0 | total time: 0.00m
step 00009/00020 (45.00%) | loss: 10.394504 | lrm: 0.25 | dt: 32.72ms | tok/sec: 15,648 | bf16_mfu: 1.18 | epoch: 1 pq: 0 rg: 0 | total time: 0.00m
step 00010/00020 (50.00%) | loss: 10.394026 | lrm: 0.28 | dt: 32.72ms | tok/sec: 15,649 | bf16_mfu: 1.18 | epoch: 1 pq: 0 rg: 0 | total time: 0.00m
step 00011/00020 (55.00%) | loss: 10.393664 | lrm: 0.30 | dt: 33.40ms | tok/sec: 15,327 | bf16_mfu: 1.16 | epoch: 1 pq: 0 rg: 0 | total time: 0.00m | eta: 0.0m
step 00012/00020 (60.00%) | loss: 10.392632 | lrm: 0.33 | dt: 35.30ms | tok/sec: 14,503 | bf16_mfu: 1.09 | epoch: 1 pq: 0 rg: 1 | total time: 0.00m | eta: 0.0m
step 00013/00020 (65.00%) | loss: 10.391693 | lrm: 0.35 | dt: 33.62ms | tok/sec: 15,229 | bf16_mfu: 1.15 | epoch: 1 pq: 0 rg: 1 | total time: 0.00m | eta: 0.0m
step 00014/00020 (70.00%) | loss: 10.390163 | lrm: 0.38 | dt: 33.41ms | tok/sec: 15,326 | bf16_mfu: 1.16 | epoch: 1 pq: 0 rg: 1 | total time: 0.00m | eta: 0.0m
step 00015/00020 (75.00%) | loss: 10.388626 | lrm: 0.40 | dt: 33.19ms | tok/sec: 15,424 | bf16_mfu: 1.16 | epoch: 1 pq: 0 rg: 1 | total time: 0.00m | eta: 0.0m
step 00016/00020 (80.00%) | loss: 10.387322 | lrm: 0.42 | dt: 33.40ms | tok/sec: 15,328 | bf16_mfu: 1.16 | epoch: 1 pq: 0 rg: 1 | total time: 0.00m | eta: 0.0m
step 00017/00020 (85.00%) | loss: 10.386426 | lrm: 0.45 | dt: 33.01ms | tok/sec: 15,511 | bf16_mfu: 1.17 | epoch: 1 pq: 0 rg: 1 | total time: 0.00m | eta: 0.0m
step 00018/00020 (90.00%) | loss: 10.384799 | lrm: 0.47 | dt: 33.28ms | tok/sec: 15,386 | bf16_mfu: 1.16 | epoch: 1 pq: 0 rg: 1 | total time: 0.00m | eta: 0.0m
step 00019/00020 (95.00%) | loss: 10.382460 | lrm: 0.50 | dt: 33.30ms | tok/sec: 15,376 | bf16_mfu: 1.16 | epoch: 1 pq: 0 rg: 1 | total time: 0.01m | eta: 0.0m
Step 00020 | Validation bpb: 3.324783
<|bos|>The capital of France is defined just look straight woodlandsded repeated mainly If you're shopping velocities Util This the
<|bos|>The chemical symbol of gold is defined just look straight woodlandsded repeated mainly If you're shopping velocities Util This the
<|bos|>If yesterday was Friday, then tomorrow will be be taken recoveredurch assembly your mouthiation-sensitive transcripts identified by Argonne
<|bos|>The opposite of hot is defined just look straight woodlandsded repeated mainly If you're shopping velocities Util This the
<|bos|>The planets of the solar system are: What What makes it green curved As ballvar Machines their tongue presence even dark pink
<|bos|>My favorite color is defined just look straight woodlandsded repeated mainly If you're shopping velocities Util This the
<|bos|>If 5*x + 3 = 13, then x is defined just look straight woodlandsded repeated mainly If you're shopping velocities Util This the
2026-03-20 06:41:19,843 - nanochat.checkpoint_manager - [32m[1mINFO[0m - Saved model parameters to: /home/keef/.cache/nanochat/base_checkpoints/nanobot/model_000020.pt
2026-03-20 06:41:19,844 - nanochat.checkpoint_manager - [32m[1mINFO[0m - Saved metadata to: /home/keef/.cache/nanochat/base_checkpoints/nanobot/meta_000020.json
2026-03-20 06:41:19,844 - nanochat.checkpoint_manager - [32m[1mINFO[0m - Copied tokenizer to: /home/keef/.cache/nanochat/base_checkpoints/nanobot/tokenizer
2026-03-20 06:41:20,044 - nanochat.checkpoint_manager - [32m[1mINFO[0m - Saved optimizer state to: /home/keef/.cache/nanochat/base_checkpoints/nanobot/optim_000020_rank0.pt
Peak memory usage: 725.03MiB
Total training time: 0.01m
Minimum validation bpb: 3.324783
wandb: updating run metadata
wandb: uploading config.yaml; uploading output.log
wandb: 
wandb: Run history:
wandb:                 step ▁▁█
wandb: total_training_flops ▁▁█
wandb:  total_training_time ▁▁█
wandb:             train/dt ▁
wandb:           train/loss ▁
wandb:            train/lrm ▁
wandb:            train/mfu ▁
wandb:    train/tok_per_sec ▁
wandb:              val/bpb █▁
wandb: 
wandb: Run summary:
wandb:                 step 20
wandb: total_training_flops 773097062400
wandb:  total_training_time 0.30191
wandb:             train/dt 6.50217
wandb:          train/epoch 1 pq: 0 rg: 0
wandb:           train/loss 10.39633
wandb:            train/lrm 0.025
wandb:            train/mfu 0.00594
wandb:    train/tok_per_sec 78
wandb:              val/bpb 3.32478
wandb: 
wandb: 🚀 View run nanobot at: https://wandb.ai/kwizzlesurp10-sevtech/nanochat/runs/ho6pw5by
wandb: ⭐️ View project at: https://wandb.ai/kwizzlesurp10-sevtech/nanochat
wandb: Synced 5 W&B file(s), 0 media file(s), 0 artifact file(s) and 0 other file(s)
wandb: Find logs at: ./wandb/run-20260320_064110-ho6pw5by/logs
2026-03-20 06:41:24,327 - nanochat.checkpoint_manager - [32m[1mINFO[0m - Loading model from /home/keef/.cache/nanochat/base_checkpoints/nanobot with step 20
2026-03-20 06:41:24,495 - nanochat.checkpoint_manager - [32m[1mINFO[0m - Building model with config: {'sequence_len': 512, 'vocab_size': 32768, 'n_layer': 4, 'n_head': 2, 'n_kv_head': 2, 'n_embd': 256, 'dropout': 0.0, 'lora_rank': 0, 'lora_alpha': 16, 'window_pattern': 'L'}
Evaluating model: base_model (step 20)
Eval modes: bpb

================================================================================
BPB Evaluation
================================================================================
train bpb: 3.349660
val bpb: 3.324783
  % Total    % Received % Xferd  Average Speed   Time    Time     Time  Current
                                 Dload  Upload   Total   Spent    Left  Speed
  0     0    0     0    0     0      0      0 --:--:-- --:--:-- --:--:--     0  0 2452k    0 16986    0     0  48612      0  0:00:51 --:--:--  0:00:51 48531100 2452k  100 2452k    0     0  2673k      0 --:--:-- --:--:-- --:--:-- 2672k
COMPUTE_DTYPE: torch.float32 (auto-detected: CUDA SM 75 (pre-Ampere, bf16 not supported, using fp32))
GPU: NVIDIA GeForce GTX 1660 SUPER | Peak FLOPS (BF16): 1.00e+14
wandb: [wandb.login()] Loaded credentials for https://api.wandb.ai from /home/keef/.netrc.
wandb: Currently logged in as: kwizzlesurp10 (kwizzlesurp10-sevtech) to https://api.wandb.ai. Use `wandb login --relogin` to force relogin
wandb: setting up run ued6ikk1
wandb: Tracking run with wandb version 0.25.1
wandb: Run data is saved locally in /home/keef/nanochatkwizzle/wandb/run-20260320_064129-ued6ikk1
wandb: Run `wandb offline` to turn off syncing.
wandb: Syncing run nanobot
wandb: ⭐️ View project at https://wandb.ai/kwizzlesurp10-sevtech/nanochat-sft
wandb: 🚀 View run at https://wandb.ai/kwizzlesurp10-sevtech/nanochat-sft/runs/ued6ikk1
WARNING: Flash Attention 3 not available, using PyTorch SDPA fallback. Training will be less efficient.
2026-03-20 06:41:30,918 - nanochat.checkpoint_manager - [32m[1mINFO[0m - Loading model from /home/keef/.cache/nanochat/base_checkpoints/nanobot with step 20
2026-03-20 06:41:31,102 - nanochat.checkpoint_manager - [32m[1mINFO[0m - Building model with config: {'sequence_len': 512, 'vocab_size': 32768, 'n_layer': 4, 'n_head': 2, 'n_kv_head': 2, 'n_embd': 256, 'dropout': 0.0, 'lora_rank': 0, 'lora_alpha': 16, 'window_pattern': 'L'}
Using max_seq_len=512
Using device_batch_size=1
Using total_batch_size=512
Inherited embedding_lr=0.3 from pretrained checkpoint
Inherited unembedding_lr=0.008 from pretrained checkpoint
Inherited matrix_lr=0.02 from pretrained checkpoint
Tokens / micro-batch / rank: 1 x 512 = 512
Tokens / micro-batch: 512
Total batch size 512 => gradient accumulation steps: 1
Scaling the LR for the AdamW parameters ∝1/√(256/768) = 1.732051
2026-03-20 06:41:31,872 - nanochat.checkpoint_manager - [32m[1mINFO[0m - Loading optimizer state from /home/keef/.cache/nanochat/base_checkpoints/nanobot/optim_000020_rank0.pt
Loaded optimizer state from pretrained checkpoint (momentum buffers only, LRs reset)
Training mixture: 1,071,840 rows (MMLU x3, GSM8K x4)
W0320 06:41:42.124000 1315964 .venv/lib/python3.10/site-packages/torch/_inductor/utils.py:1613] [0/0] Not enough SMs to use max_autotune_gemm mode
Step 00000 | Validation bpb: 2.9575
step 00001 (4.00%) | loss: 5.461115 | lrm: 1.00 | dt: 6640.38ms | tok/sec: 77 | mfu: 0.01 | epoch: 1 | total time: 0.00m
step 00002 (6.00%) | loss: 7.691860 | lrm: 1.00 | dt: 31.50ms | tok/sec: 16,255 | mfu: 1.23 | epoch: 1 | total time: 0.00m
step 00003 (8.00%) | loss: 7.566062 | lrm: 1.00 | dt: 30.77ms | tok/sec: 16,640 | mfu: 1.26 | epoch: 1 | total time: 0.00m
step 00004 (10.00%) | loss: 7.406997 | lrm: 1.00 | dt: 31.19ms | tok/sec: 16,415 | mfu: 1.24 | epoch: 1 | total time: 0.00m
step 00005 (12.00%) | loss: 7.861864 | lrm: 1.00 | dt: 31.27ms | tok/sec: 16,373 | mfu: 1.24 | epoch: 1 | total time: 0.00m
step 00006 (14.00%) | loss: 8.294895 | lrm: 1.00 | dt: 31.15ms | tok/sec: 16,434 | mfu: 1.24 | epoch: 1 | total time: 0.00m
step 00007 (16.00%) | loss: 7.626440 | lrm: 1.00 | dt: 30.63ms | tok/sec: 16,715 | mfu: 1.26 | epoch: 1 | total time: 0.00m
step 00008 (18.00%) | loss: 8.091641 | lrm: 1.00 | dt: 30.92ms | tok/sec: 16,561 | mfu: 1.25 | epoch: 1 | total time: 0.00m
step 00009 (20.00%) | loss: 8.115033 | lrm: 1.00 | dt: 28.85ms | tok/sec: 17,749 | mfu: 1.34 | epoch: 1 | total time: 0.00m
step 00010 (22.00%) | loss: 7.893711 | lrm: 1.00 | dt: 27.77ms | tok/sec: 18,435 | mfu: 1.39 | epoch: 1 | total time: 0.00m
step 00011 (24.00%) | loss: 8.608165 | lrm: 1.00 | dt: 27.46ms | tok/sec: 18,647 | mfu: 1.41 | epoch: 1 | total time: 0.00m
step 00012 (26.00%) | loss: 7.664505 | lrm: 1.00 | dt: 26.83ms | tok/sec: 19,082 | mfu: 1.44 | epoch: 1 | total time: 0.00m
step 00013 (28.00%) | loss: 7.366110 | lrm: 1.00 | dt: 27.01ms | tok/sec: 18,957 | mfu: 1.43 | epoch: 1 | total time: 0.00m
step 00014 (30.00%) | loss: 7.262904 | lrm: 1.00 | dt: 27.13ms | tok/sec: 18,871 | mfu: 1.42 | epoch: 1 | total time: 0.00m
step 00015 (32.00%) | loss: 7.069103 | lrm: 1.00 | dt: 26.74ms | tok/sec: 19,149 | mfu: 1.45 | epoch: 1 | total time: 0.00m
step 00016 (34.00%) | loss: 7.355454 | lrm: 1.00 | dt: 26.71ms | tok/sec: 19,168 | mfu: 1.45 | epoch: 1 | total time: 0.00m
step 00017 (36.00%) | loss: 6.686663 | lrm: 1.00 | dt: 26.88ms | tok/sec: 19,049 | mfu: 1.44 | epoch: 1 | total time: 0.00m
step 00018 (38.00%) | loss: 6.594904 | lrm: 1.00 | dt: 26.89ms | tok/sec: 19,043 | mfu: 1.44 | epoch: 1 | total time: 0.00m
step 00019 (40.00%) | loss: 6.213262 | lrm: 1.00 | dt: 27.52ms | tok/sec: 18,603 | mfu: 1.40 | epoch: 1 | total time: 0.00m
step 00020 (42.00%) | loss: 5.885615 | lrm: 1.00 | dt: 27.13ms | tok/sec: 18,873 | mfu: 1.42 | epoch: 1 | total time: 0.00m
step 00021 (44.00%) | loss: 5.534737 | lrm: 1.00 | dt: 26.86ms | tok/sec: 19,063 | mfu: 1.44 | epoch: 1 | total time: 0.00m
step 00022 (46.00%) | loss: 5.635321 | lrm: 1.00 | dt: 27.20ms | tok/sec: 18,825 | mfu: 1.42 | epoch: 1 | total time: 0.01m
step 00023 (48.00%) | loss: 5.294725 | lrm: 1.00 | dt: 27.08ms | tok/sec: 18,908 | mfu: 1.43 | epoch: 1 | total time: 0.01m
step 00024 (50.00%) | loss: 5.081985 | lrm: 1.00 | dt: 26.91ms | tok/sec: 19,027 | mfu: 1.44 | epoch: 1 | total time: 0.01m
step 00025 (52.00%) | loss: 5.848486 | lrm: 0.96 | dt: 27.32ms | tok/sec: 18,737 | mfu: 1.41 | epoch: 1 | total time: 0.01m
step 00026 (54.00%) | loss: 6.334135 | lrm: 0.92 | dt: 27.50ms | tok/sec: 18,614 | mfu: 1.41 | epoch: 1 | total time: 0.01m
step 00027 (56.00%) | loss: 6.664483 | lrm: 0.88 | dt: 27.41ms | tok/sec: 18,678 | mfu: 1.41 | epoch: 1 | total time: 0.01m
step 00028 (58.00%) | loss: 6.975628 | lrm: 0.84 | dt: 26.98ms | tok/sec: 18,979 | mfu: 1.43 | epoch: 1 | total time: 0.01m
step 00029 (60.00%) | loss: 7.224389 | lrm: 0.80 | dt: 27.18ms | tok/sec: 18,835 | mfu: 1.42 | epoch: 1 | total time: 0.01m
step 00030 (62.00%) | loss: 7.256258 | lrm: 0.76 | dt: 26.97ms | tok/sec: 18,981 | mfu: 1.43 | epoch: 1 | total time: 0.01m
step 00031 (64.00%) | loss: 7.375251 | lrm: 0.72 | dt: 27.29ms | tok/sec: 18,764 | mfu: 1.42 | epoch: 1 | total time: 0.01m
step 00032 (66.00%) | loss: 7.592345 | lrm: 0.68 | dt: 26.71ms | tok/sec: 19,165 | mfu: 1.45 | epoch: 1 | total time: 0.01m
step 00033 (68.00%) | loss: 7.512301 | lrm: 0.64 | dt: 27.03ms | tok/sec: 18,943 | mfu: 1.43 | epoch: 1 | total time: 0.01m
step 00034 (70.00%) | loss: 6.825467 | lrm: 0.60 | dt: 27.20ms | tok/sec: 18,825 | mfu: 1.42 | epoch: 1 | total time: 0.01m
step 00035 (72.00%) | loss: 6.960652 | lrm: 0.56 | dt: 26.93ms | tok/sec: 19,013 | mfu: 1.44 | epoch: 1 | total time: 0.01m
step 00036 (74.00%) | loss: 6.713406 | lrm: 0.52 | dt: 27.44ms | tok/sec: 18,660 | mfu: 1.41 | epoch: 1 | total time: 0.01m
step 00037 (76.00%) | loss: 6.924355 | lrm: 0.48 | dt: 27.13ms | tok/sec: 18,874 | mfu: 1.43 | epoch: 1 | total time: 0.01m
step 00038 (78.00%) | loss: 7.125774 | lrm: 0.44 | dt: 27.12ms | tok/sec: 18,880 | mfu: 1.43 | epoch: 1 | total time: 0.01m
step 00039 (80.00%) | loss: 7.176590 | lrm: 0.40 | dt: 27.35ms | tok/sec: 18,719 | mfu: 1.41 | epoch: 1 | total time: 0.01m
step 00040 (82.00%) | loss: 7.362642 | lrm: 0.36 | dt: 27.14ms | tok/sec: 18,866 | mfu: 1.42 | epoch: 1 | total time: 0.01m
step 00041 (84.00%) | loss: 6.794757 | lrm: 0.32 | dt: 27.11ms | tok/sec: 18,885 | mfu: 1.43 | epoch: 1 | total time: 0.01m
step 00042 (86.00%) | loss: 6.151643 | lrm: 0.28 | dt: 27.40ms | tok/sec: 18,689 | mfu: 1.41 | epoch: 1 | total time: 0.01m
step 00043 (88.00%) | loss: 6.138844 | lrm: 0.24 | dt: 27.75ms | tok/sec: 18,448 | mfu: 1.39 | epoch: 1 | total time: 0.01m
step 00044 (90.00%) | loss: 6.102311 | lrm: 0.20 | dt: 27.13ms | tok/sec: 18,873 | mfu: 1.42 | epoch: 1 | total time: 0.02m
step 00045 (92.00%) | loss: 5.657953 | lrm: 0.16 | dt: 26.82ms | tok/sec: 19,090 | mfu: 1.44 | epoch: 1 | total time: 0.02m
step 00046 (94.00%) | loss: 6.032148 | lrm: 0.12 | dt: 27.42ms | tok/sec: 18,671 | mfu: 1.41 | epoch: 1 | total time: 0.02m
step 00047 (96.00%) | loss: 6.092860 | lrm: 0.08 | dt: 27.14ms | tok/sec: 18,862 | mfu: 1.42 | epoch: 1 | total time: 0.02m
step 00048 (98.00%) | loss: 5.566818 | lrm: 0.04 | dt: 27.22ms | tok/sec: 18,808 | mfu: 1.42 | epoch: 1 | total time: 0.02m
step 00049 (100.00%) | loss: 5.172027 | lrm: 0.00 | dt: 27.27ms | tok/sec: 18,773 | mfu: 1.42 | epoch: 1 | total time: 0.02m
Step 00049 | Validation bpb: 2.2894
Final: 586/2376 (24.66%)
  ARC-Easy: 24.66%
Final: 308/1172 (26.28%)
  ARC-Challenge: 26.28%
Final: 3462/14042 (24.65%)
  MMLU: 24.65%
[KRank 0 | 0/1 (0.00%)[KRank 0 | 0/2 (0.00%)[KRank 0 | 0/3 (0.00%)[KRank 0 | 0/4 (0.00%)[KRank 0 | 0/5 (0.00%)[KRank 0 | 0/6 (0.00%)[KRank 0 | 0/7 (0.00%)[KRank 0 | 0/8 (0.00%)[KRank 0 | 0/9 (0.00%)[KRank 0 | 0/10 (0.00%)[KRank 0 | 0/11 (0.00%)[KRank 0 | 0/12 (0.00%)[KRank 0 | 0/13 (0.00%)[KRank 0 | 0/14 (0.00%)[KRank 0 | 0/15 (0.00%)[KRank 0 | 0/16 (0.00%)[KRank 0 | 0/17 (0.00%)[KRank 0 | 0/18 (0.00%)[KRank 0 | 0/19 (0.00%)[KRank 0 | 0/20 (0.00%)[KRank 0 | 0/21 (0.00%)[KRank 0 | 0/22 (0.00%)[KRank 0 | 0/23 (0.00%)[KRank 0 | 0/24 (0.00%)
==================================================
Final: 0/24 (0.00%)
  GSM8K: 0.00%
[KRank 0 | 0/1 (0.00%)[KRank 0 | 0/2 (0.00%)[KRank 0 | 0/3 (0.00%)[KRank 0 | 0/4 (0.00%)[KRank 0 | 0/5 (0.00%)[KRank 0 | 0/6 (0.00%)[KRank 0 | 0/7 (0.00%)[KRank 0 | 0/8 (0.00%)[KRank 0 | 0/9 (0.00%)[KRank 0 | 0/10 (0.00%)[KRank 0 | 0/11 (0.00%)[KRank 0 | 0/12 (0.00%)[KRank 0 | 0/13 (0.00%)[KRank 0 | 0/14 (0.00%)[KRank 0 | 0/15 (0.00%)[KRank 0 | 0/16 (0.00%)[KRank 0 | 0/17 (0.00%)[KRank 0 | 0/18 (0.00%)[KRank 0 | 0/19 (0.00%)[KRank 0 | 0/20 (0.00%)[KRank 0 | 0/21 (0.00%)[KRank 0 | 0/22 (0.00%)[KRank 0 | 0/23 (0.00%)[KRank 0 | 0/24 (0.00%)
==================================================
Final: 0/24 (0.00%)
  HumanEval: 0.00%
[KRank 0 | 0/1 (0.00%)[KRank 0 | 0/2 (0.00%)[KRank 0 | 0/3 (0.00%)[KRank 0 | 0/4 (0.00%)[KRank 0 | 0/5 (0.00%)[KRank 0 | 0/6 (0.00%)[KRank 0 | 0/7 (0.00%)[KRank 0 | 0/8 (0.00%)[KRank 0 | 0/9 (0.00%)[KRank 0 | 0/10 (0.00%)[KRank 0 | 0/11 (0.00%)[KRank 0 | 0/12 (0.00%)[KRank 0 | 0/13 (0.00%)[KRank 0 | 0/14 (0.00%)[KRank 0 | 0/15 (0.00%)[KRank 0 | 0/16 (0.00%)[KRank 0 | 0/17 (0.00%)[KRank 0 | 0/18 (0.00%)[KRank 0 | 0/19 (0.00%)[KRank 0 | 0/20 (0.00%)[KRank 0 | 0/21 (0.00%)[KRank 0 | 0/22 (0.00%)[KRank 0 | 0/23 (0.00%)[KRank 0 | 0/24 (0.00%)
==================================================
Final: 0/24 (0.00%)
  SpellingBee: 0.00%
Step 00049 | ChatCORE: 0.0013 | ChatCORE_cat: 0.0027
2026-03-20 06:42:48,128 - nanochat.checkpoint_manager - [32m[1mINFO[0m - Saved model parameters to: /home/keef/.cache/nanochat/chatsft_checkpoints/nanobot/model_000049.pt
2026-03-20 06:42:48,128 - nanochat.checkpoint_manager - [32m[1mINFO[0m - Saved metadata to: /home/keef/.cache/nanochat/chatsft_checkpoints/nanobot/meta_000049.json
2026-03-20 06:42:48,129 - nanochat.checkpoint_manager - [32m[1mINFO[0m - Copied tokenizer to: /home/keef/.cache/nanochat/chatsft_checkpoints/nanobot/tokenizer
2026-03-20 06:42:48,321 - nanochat.checkpoint_manager - [32m[1mINFO[0m - Saved optimizer state to: /home/keef/.cache/nanochat/chatsft_checkpoints/nanobot/optim_000049_rank0.pt
Peak memory usage: 817.00MiB
Total training time: 0.02m
Minimum validation bpb: 2.2894
wandb: updating run metadata
wandb: uploading config.yaml; uploading output.log; uploading wandb-summary.json
wandb: uploading history steps 6-6, summary, console lines 78-93
wandb: 
wandb: Run history:
wandb: chatcore/ARC-Challenge ▁
wandb:      chatcore/ARC-Easy ▁
wandb:         chatcore/GSM8K ▁
wandb:     chatcore/HumanEval ▁
wandb:          chatcore/MMLU ▁
wandb:   chatcore/SpellingBee ▁
wandb:           chatcore_cat ▁
wandb:        chatcore_metric ▁
wandb:                   step ▁▂▄▅▇██
wandb:   total_training_flops ▁▂▄▅▇██
wandb:                     +8 ...
wandb: 
wandb: Run summary:
wandb: chatcore/ARC-Challenge 0.2628
wandb:      chatcore/ARC-Easy 0.24663
wandb:         chatcore/GSM8K 0
wandb:     chatcore/HumanEval 0
wandb:          chatcore/MMLU 0.24655
wandb:   chatcore/SpellingBee 0
wandb:           chatcore_cat 0.00266
wandb:        chatcore_metric 0.00133
wandb:                   step 49
wandb:   total_training_flops 1894087802880
wandb:                     +8 ...
wandb: 
wandb: 🚀 View run nanobot at: https://wandb.ai/kwizzlesurp10-sevtech/nanochat-sft/runs/ued6ikk1
wandb: ⭐️ View project at: https://wandb.ai/kwizzlesurp10-sevtech/nanochat-sft
wandb: Synced 5 W&B file(s), 0 media file(s), 0 artifact file(s) and 0 other file(s)
wandb: Find logs at: ./wandb/run-20260320_064129-ued6ikk1/logs
2026-03-20 06:42:53,327 - nanochat.checkpoint_manager - [32m[1mINFO[0m - Loading model from /home/keef/.cache/nanochat/chatsft_checkpoints/nanobot with step 49
2026-03-20 06:42:53,495 - nanochat.checkpoint_manager - [32m[1mINFO[0m - Building model with config: {'sequence_len': 512, 'vocab_size': 32768, 'n_layer': 4, 'n_head': 2, 'n_kv_head': 2, 'n_embd': 256, 'window_pattern': 'L'}
Final: 586/2376 (24.66%)
ARC-Easy accuracy: 24.66%
Final: 308/1172 (26.28%)
ARC-Challenge accuracy: 26.28%
Final: 3462/14042 (24.65%)
MMLU accuracy: 24.65%
[KRank 0 | 0/1 (0.00%)[KRank 0 | 0/2 (0.00%)[KRank 0 | 0/3 (0.00%)[KRank 0 | 0/4 (0.00%)[KRank 0 | 0/5 (0.00%)[KRank 0 | 0/6 (0.00%)[KRank 0 | 0/7 (0.00%)[KRank 0 | 0/8 (0.00%)[KRank 0 | 0/9 (0.00%)[KRank 0 | 0/10 (0.00%)[KRank 0 | 0/11 (0.00%)[KRank 0 | 0/12 (0.00%)[KRank 0 | 0/13 (0.00%)[KRank 0 | 0/14 (0.00%)[KRank 0 | 0/15 (0.00%)[KRank 0 | 0/16 (0.00%)[KRank 0 | 0/17 (0.00%)[KRank 0 | 0/18 (0.00%)[KRank 0 | 0/19 (0.00%)[KRank 0 | 0/20 (0.00%)[KRank 0 | 0/21 (0.00%)[KRank 0 | 0/22 (0.00%)[KRank 0 | 0/23 (0.00%)[KRank 0 | 0/24 (0.00%)[KRank 0 | 0/25 (0.00%)[KRank 0 | 0/26 (0.00%)[KRank 0 | 0/27 (0.00%)[KRank 0 | 0/28 (0.00%)[KRank 0 | 0/29 (0.00%)[KRank 0 | 0/30 (0.00%)[KRank 0 | 0/31 (0.00%)[KRank 0 | 0/32 (0.00%)[KRank 0 | 0/33 (0.00%)[KRank 0 | 0/34 (0.00%)[KRank 0 | 0/35 (0.00%)[KRank 0 | 0/36 (0.00%)[KRank 0 | 0/37 (0.00%)[KRank 0 | 0/38 (0.00%)[KRank 0 | 0/39 (0.00%)[KRank 0 | 0/40 (0.00%)[KRank 0 | 0/41 (0.00%)[KRank 0 | 0/42 (0.00%)[KRank 0 | 0/43 (0.00%)[KRank 0 | 0/44 (0.00%)[KRank 0 | 0/45 (0.00%)[KRank 0 | 0/46 (0.00%)[KRank 0 | 0/47 (0.00%)[KRank 0 | 0/48 (0.00%)[KRank 0 | 0/49 (0.00%)[KRank 0 | 0/50 (0.00%)[KRank 0 | 0/51 (0.00%)[KRank 0 | 0/52 (0.00%)[KRank 0 | 0/53 (0.00%)[KRank 0 | 0/54 (0.00%)[KRank 0 | 0/55 (0.00%)[KRank 0 | 0/56 (0.00%)[KRank 0 | 0/57 (0.00%)[KRank 0 | 0/58 (0.00%)[KRank 0 | 0/59 (0.00%)[KRank 0 | 0/60 (0.00%)[KRank 0 | 0/61 (0.00%)[KRank 0 | 0/62 (0.00%)[KRank 0 | 0/63 (0.00%)[KRank 0 | 0/64 (0.00%)[KRank 0 | 0/65 (0.00%)[KRank 0 | 0/66 (0.00%)[KRank 0 | 0/67 (0.00%)[KRank 0 | 0/68 (0.00%)[KRank 0 | 0/69 (0.00%)[KRank 0 | 0/70 (0.00%)[KRank 0 | 0/71 (0.00%)[KRank 0 | 0/72 (0.00%)[KRank 0 | 0/73 (0.00%)[KRank 0 | 0/74 (0.00%)[KRank 0 | 0/75 (0.00%)[KRank 0 | 0/76 (0.00%)[KRank 0 | 0/77 (0.00%)[KRank 0 | 0/78 (0.00%)[KRank 0 | 0/79 (0.00%)[KRank 0 | 0/80 (0.00%)[KRank 0 | 0/81 (0.00%)[KRank 0 | 0/82 (0.00%)[KRank 0 | 0/83 (0.00%)[KRank 0 | 0/84 (0.00%)[KRank 0 | 0/85 (0.00%)[KRank 0 | 0/86 (0.00%)[KRank 0 | 0/87 (0.00%)[KRank 0 | 0/88 (0.00%)[KRank 0 | 0/89 (0.00%)[KRank 0 | 0/90 (0.00%)[KRank 0 | 0/91 (0.00%)[KRank 0 | 0/92 (0.00%)[KRank 0 | 0/93 (0.00%)[KRank 0 | 0/94 (0.00%)[KRank 0 | 0/95 (0.00%)[KRank 0 | 0/96 (0.00%)[KRank 0 | 0/97 (0.00%)[KRank 0 | 0/98 (0.00%)[KRank 0 | 0/99 (0.00%)[KRank 0 | 0/100 (0.00%)[KRank 0 | 0/101 (0.00%)[KRank 0 | 0/102 (0.00%)[KRank 0 | 0/103 (0.00%)[KRank 0 | 0/104 (0.00%)[KRank 0 | 0/105 (0.00%)[KRank 0 | 0/106 (0.00%)[KRank 0 | 0/107 (0.00%)[KRank 0 | 0/108 (0.00%)[KRank 0 | 0/109 (0.00%)[KRank 0 | 0/110 (0.00%)[KRank 0 | 0/111 (0.00%)[KRank 0 | 0/112 (0.00%)[KRank 0 | 0/113 (0.00%)[KRank 0 | 0/114 (0.00%)[KRank 0 | 0/115 (0.00%)[KRank 0 | 0/116 (0.00%)[KRank 0 | 0/117 (0.00%)[KRank 0 | 0/118 (0.00%)[KRank 0 | 0/119 (0.00%)[KRank 0 | 0/120 (0.00%)[KRank 0 | 0/121 (0.00%)[KRank 0 | 0/122 (0.00%)[KRank 0 | 0/123 (0.00%)[KRank 0 | 0/124 (0.00%)[KRank 0 | 0/125 (0.00%)[KRank 0 | 0/126 (0.00%)[KRank 0 | 0/127 (0.00%)[KRank 0 | 0/128 (0.00%)[KRank 0 | 0/129 (0.00%)[KRank 0 | 0/130 (0.00%)[KRank 0 | 0/131 (0.00%)[KRank 0 | 0/132 (0.00%)[KRank 0 | 0/133 (0.00%)[KRank 0 | 0/134 (0.00%)[KRank 0 | 0/135 (0.00%)[KRank 0 | 0/136 (0.00%)[KRank 0 | 0/137 (0.00%)[KRank 0 | 0/138 (0.00%)[KRank 0 | 0/139 (0.00%)[KRank 0 | 0/140 (0.00%)[KRank 0 | 0/141 (0.00%)[KRank 0 | 0/142 (0.00%)[KRank 0 | 0/143 (0.00%)[KRank 0 | 0/144 (0.00%)[KRank 0 | 0/145 (0.00%)[KRank 0 | 0/146 (0.00%)[KRank 0 | 0/147 (0.00%)[KRank 0 | 0/148 (0.00%)[KRank 0 | 0/149 (0.00%)[KRank 0 | 0/150 (0.00%)[KRank 0 | 0/151 (0.00%)[KRank 0 | 0/152 (0.00%)[KRank 0 | 0/153 (0.00%)[KRank 0 | 0/154 (0.00%)[KRank 0 | 0/155 (0.00%)[KRank 0 | 0/156 (0.00%)[KRank 0 | 0/157 (0.00%)[KRank 0 | 0/158 (0.00%)[KRank 0 | 0/159 (0.00%)[KRank 0 | 0/160 (0.00%)[KRank 0 | 0/161 (0.00%)[KRank 0 | 0/162 (0.00%)[KRank 0 | 0/163 (0.00%)[KRank 0 | 0/164 (0.00%)[KRank 0 | 0/165 (0.00%)[KRank 0 | 0/166 (0.00%)[KRank 0 | 0/167 (0.00%)[KRank 0 | 0/168 (0.00%)[KRank 0 | 0/169 (0.00%)[KRank 0 | 0/170 (0.00%)[KRank 0 | 0/171 (0.00%)[KRank 0 | 0/172 (0.00%)[KRank 0 | 0/173 (0.00%)[KRank 0 | 0/174 (0.00%)[KRank 0 | 0/175 (0.00%)[KRank 0 | 0/176 (0.00%)[KRank 0 | 0/177 (0.00%)[KRank 0 | 0/178 (0.00%)[KRank 0 | 0/179 (0.00%)[KRank 0 | 0/180 (0.00%)[KRank 0 | 0/181 (0.00%)[KRank 0 | 0/182 (0.00%)[KRank 0 | 0/183 (0.00%)[KRank 0 | 0/184 (0.00%)[KRank 0 | 0/185 (0.00%)[KRank 0 | 0/186 (0.00%)[KRank 0 | 0/187 (0.00%)[KRank 0 | 0/188 (0.00%)[KRank 0 | 0/189 (0.00%)[KRank 0 | 0/190 (0.00%)[KRank 0 | 0/191 (0.00%)[KRank 0 | 0/192 (0.00%)[KRank 0 | 0/193 (0.00%)[KRank 0 | 0/194 (0.00%)[KRank 0 | 0/195 (0.00%)[KRank 0 | 0/196 (0.00%)[KRank 0 | 0/197 (0.00%)[KRank 0 | 0/198 (0.00%)[KRank 0 | 0/199 (0.00%)[KRank 0 | 0/200 (0.00%)[KRank 0 | 0/201 (0.00%)[KRank 0 | 0/202 (0.00%)[KRank 0 | 0/203 (0.00%)[KRank 0 | 0/204 (0.00%)[KRank 0 | 0/205 (0.00%)[KRank 0 | 0/206 (0.00%)[KRank 0 | 0/207 (0.00%)[KRank 0 | 0/208 (0.00%)[KRank 0 | 0/209 (0.00%)[KRank 0 | 0/210 (0.00%)[KRank 0 | 0/211 (0.00%)[KRank 0 | 0/212 (0.00%)[KRank 0 | 0/213 (0.00%)[KRank 0 | 0/214 (0.00%)[KRank 0 | 0/215 (0.00%)[KRank 0 | 0/216 (0.00%)[KRank 0 | 0/217 (0.00%)[KRank 0 | 0/218 (0.00%)[KRank 0 | 0/219 (0.00%)[KRank 0 | 0/220 (0.00%)[KRank 0 | 0/221 (0.00%)[KRank 0 | 0/222 (0.00%)[KRank 0 | 0/223 (0.00%)[KRank 0 | 0/224 (0.00%)[KRank 0 | 0/225 (0.00%)[KRank 0 | 0/226 (0.00%)[KRank 0 | 0/227 (0.00%)[KRank 0 | 0/228 (0.00%)[KRank 0 | 0/229 (0.00%)[KRank 0 | 0/230 (0.00%)[KRank 0 | 0/231 (0.00%)[KRank 0 | 0/232 (0.00%)[KRank 0 | 0/233 (0.00%)[KRank 0 | 0/234 (0.00%)[KRank 0 | 0/235 (0.00%)[KRank 0 | 0/236 (0.00%)[KRank 0 | 0/237 (0.00%)[KRank 0 | 0/238 (0.00%)[KRank 0 | 0/239 (0.00%)[KRank 0 | 0/240 (0.00%)[KRank 0 | 0/241 (0.00%)[KRank 0 | 0/242 (0.00%)[KRank 0 | 0/243 (0.00%)[KRank 0 | 0/244 (0.00%)[KRank 0 | 0/245 (0.00%)[KRank 0 | 0/246 (0.00%)[KRank 0 | 0/247 (0.00%)[KRank 0 | 0/248 (0.00%)[KRank 0 | 0/249 (0.00%)[KRank 0 | 0/250 (0.00%)[KRank 0 | 0/251 (0.00%)[KRank 0 | 0/252 (0.00%)[KRank 0 | 0/253 (0.00%)[KRank 0 | 0/254 (0.00%)[KRank 0 | 0/255 (0.00%)[KRank 0 | 0/256 (0.00%)[KRank 0 | 0/257 (0.00%)[KRank 0 | 0/258 (0.00%)[KRank 0 | 0/259 (0.00%)[KRank 0 | 0/260 (0.00%)[KRank 0 | 0/261 (0.00%)[KRank 0 | 0/262 (0.00%)[KRank 0 | 0/263 (0.00%)[KRank 0 | 0/264 (0.00%)[KRank 0 | 0/265 (0.00%)[KRank 0 | 0/266 (0.00%)[KRank 0 | 0/267 (0.00%)[KRank 0 | 0/268 (0.00%)[KRank 0 | 0/269 (0.00%)[KRank 0 | 0/270 (0.00%)[KRank 0 | 0/271 (0.00%)[KRank 0 | 0/272 (0.00%)[KRank 0 | 0/273 (0.00%)[KRank 0 | 0/274 (0.00%)[KRank 0 | 0/275 (0.00%)[KRank 0 | 0/276 (0.00%)[KRank 0 | 0/277 (0.00%)[KRank 0 | 0/278 (0.00%)[KRank 0 | 0/279 (0.00%)[KRank 0 | 0/280 (0.00%)[KRank 0 | 0/281 (0.00%)[KRank 0 | 0/282 (0.00%)[KRank 0 | 0/283 (0.00%)[KRank 0 | 0/284 (0.00%)[KRank 0 | 0/285 (0.00%)[KRank 0 | 0/286 (0.00%)[KRank 0 | 0/287 (0.00%)[KRank 0 | 0/288 (0.00%)[KRank 0 | 0/289 (0.00%)[KRank 0 | 0/290 (0.00%)[KRank 0 | 0/291 (0.00%)[KRank 0 | 0/292 (0.00%)[KRank 0 | 0/293 (0.00%)[KRank 0 | 0/294 (0.00%)[KRank 0 | 0/295 (0.00%)[KRank 0 | 0/296 (0.00%)[KRank 0 | 0/297 (0.00%)[KRank 0 | 0/298 (0.00%)[KRank 0 | 0/299 (0.00%)[KRank 0 | 0/300 (0.00%)[KRank 0 | 0/301 (0.00%)[KRank 0 | 0/302 (0.00%)[KRank 0 | 0/303 (0.00%)[KRank 0 | 0/304 (0.00%)[KRank 0 | 0/305 (0.00%)[KRank 0 | 0/306 (0.00%)[KRank 0 | 0/307 (0.00%)[KRank 0 | 0/308 (0.00%)[KRank 0 | 0/309 (0.00%)[KRank 0 | 0/310 (0.00%)[KRank 0 | 0/311 (0.00%)[KRank 0 | 0/312 (0.00%)[KRank 0 | 0/313 (0.00%)[KRank 0 | 0/314 (0.00%)[KRank 0 | 0/315 (0.00%)[KRank 0 | 0/316 (0.00%)[KRank 0 | 0/317 (0.00%)[KRank 0 | 0/318 (0.00%)[KRank 0 | 0/319 (0.00%)[KRank 0 | 0/320 (0.00%)[KRank 0 | 0/321 (0.00%)[KRank 0 | 0/322 (0.00%)[KRank 0 | 0/323 (0.00%)[KRank 0 | 0/324 (0.00%)[KRank 0 | 0/325 (0.00%)[KRank 0 | 0/326 (0.00%)[KRank 0 | 0/327 (0.00%)[KRank 0 | 0/328 (0.00%)[KRank 0 | 0/329 (0.00%)[KRank 0 | 0/330 (0.00%)[KRank 0 | 0/331 (0.00%)[KRank 0 | 0/332 (0.00%)[KRank 0 | 0/333 (0.00%)[KRank 0 | 0/334 (0.00%)[KRank 0 | 0/335 (0.00%)[KRank 0 | 0/336 (0.00%)[KRank 0 | 0/337 (0.00%)[KRank 0 | 0/338 (0.00%)[KRank 0 | 0/339 (0.00%)[KRank 0 | 0/340 (0.00%)[KRank 0 | 0/341 (0.00%)[KRank 0 | 0/342 (0.00%)[KRank 0 | 0/343 (0.00%)[KRank 0 | 0/344 (0.00%)[KRank 0 | 0/345 (0.00%)[KRank 0 | 0/346 (0.00%)[KRank 0 | 0/347 (0.00%)[KRank 0 | 0/348 (0.00%)[KRank 0 | 0/349 (0.00%)[KRank 0 | 0/350 (0.00%)[KRank 0 | 0/351 (0.00%)[KRank 0 | 0/352 (0.00%)[KRank 0 | 0/353 (0.00%)[KRank 0 | 0/354 (0.00%)[KRank 0 | 0/355 (0.00%)[KRank 0 | 0/356 (0.00%)[KRank 0 | 0/357 (0.00%)[KRank 0 | 0/358 (0.00%)[KRank 0 | 0/359 (0.00%)[KRank 0 | 0/360 (0.00%)[KRank 0 | 0/361 (0.00%)[KRank 0 | 0/362 (0.00%)[KRank 0 | 0/363 (0.00%)[KRank 0 | 0/364 (0.00%)[KRank 0 | 0/365 (0.00%)[KRank 0 | 0/366 (0.00%)[KRank 0 | 0/367 (0.00%)[KRank 0 | 0/368 (0.00%)[KRank 0 | 0/369 (0.00%)[KRank 0 | 0/370 (0.00%)[KRank 0 | 0/371 (0.00%)[KRank 0 | 0/372 (0.00%)[KRank 0 | 0/373 (0.00%)[KRank 0 | 0/374 (0.00%)[KRank 0 | 0/375 (0.00%)[KRank 0 | 0/376 (0.00%)[KRank 0 | 0/377 (0.00%)[KRank 0 | 0/378 (0.00%)[KRank 0 | 0/379 (0.00%)[KRank 0 | 0/380 (0.00%)[KRank 0 | 0/381 (0.00%)[KRank 0 | 0/382 (0.00%)[KRank 0 | 0/383 (0.00%)[KRank 0 | 0/384 (0.00%)[KRank 0 | 0/385 (0.00%)[KRank 0 | 0/386 (0.00%)[KRank 0 | 0/387 (0.00%)[KRank 0 | 0/388 (0.00%)[KRank 0 | 0/389 (0.00%)[KRank 0 | 0/390 (0.00%)[KRank 0 | 0/391 (0.00%)[KRank 0 | 0/392 (0.00%)[KRank 0 | 0/393 (0.00%)[KRank 0 | 0/394 (0.00%)[KRank 0 | 0/395 (0.00%)[KRank 0 | 0/396 (0.00%)[KRank 0 | 0/397 (0.00%)[KRank 0 | 0/398 (0.00%)[KRank 0 | 0/399 (0.00%)[KRank 0 | 0/400 (0.00%)[KRank 0 | 0/401 (0.00%)[KRank 0 | 0/402 (0.00%)[KRank 0 | 0/403 (0.00%)[KRank 0 | 0/404 (0.00%)[KRank 0 | 0/405 (0.00%)[KRank 0 | 0/406 (0.00%)[KRank 0 | 0/407 (0.00%)[KRank 0 | 0/408 (0.00%)[KRank 0 | 0/409 (0.00%)[KRank 0 | 0/410 (0.00%)[KRank 0 | 0/411 (0.00%)[KRank 0 | 0/412 (0.00%)[KRank 0 | 0/413 (0.00%)[KRank 0 | 0/414 (0.00%)[KRank 0 | 0/415 (0.00%)[KRank 0 | 0/416 (0.00%)[KRank 0 | 0/417 (0.00%)[KRank 0 | 0/418 (0.00%)[KRank 0 | 0/419 (0.00%)[KRank 0 | 0/420 (0.00%)[KRank 0 | 0/421 (0.00%)[KRank 0 | 0/422 (0.00%)[KRank 0 | 0/423 (0.00%)[KRank 0 | 0/424 (0.00%)[KRank 0 | 0/425 (0.00%)[KRank 0 | 0/426 (0.00%)[KRank 0 | 0/427 (0.00%)[KRank 0 | 0/428 (0.00%)[KRank 0 | 0/429 (0.00%)[KRank 0 | 0/430 (0.00%)[KRank 0 | 0/431 (0.00%)[KRank 0 | 0/432 (0.00%)[KRank 0 | 0/433 (0.00%)[KRank 0 | 0/434 (0.00%)[KRank 0 | 0/435 (0.00%)[KRank 0 | 0/436 (0.00%)[KRank 0 | 0/437 (0.00%)[KRank 0 | 0/438 (0.00%)[KRank 0 | 0/439 (0.00%)[KRank 0 | 0/440 (0.00%)[KRank 0 | 0/441 (0.00%)[KRank 0 | 0/442 (0.00%)[KRank 0 | 0/443 (0.00%)[KRank 0 | 0/444 (0.00%)[KRank 0 | 0/445 (0.00%)[KRank 0 | 0/446 (0.00%)[KRank 0 | 0/447 (0.00%)[KRank 0 | 0/448 (0.00%)[KRank 0 | 0/449 (0.00%)[KRank 0 | 0/450 (0.00%)[KRank 0 | 0/451 (0.00%)[KRank 0 | 0/452 (0.00%)[KRank 0 | 0/453 (0.00%)[KRank 0 | 0/454 (0.00%)[KRank 0 | 0/455 (0.00%)[KRank 0 | 0/456 (0.00%)[KRank 0 | 0/457 (0.00%)[KRank 0 | 0/458 (0.00%)[KRank 0 | 0/459 (0.00%)[KRank 0 | 0/460 (0.00%)[KRank 0 | 0/461 (0.00%)[KRank 0 | 0/462 (0.00%)[KRank 0 | 0/463 (0.00%)[KRank 0 | 0/464 (0.00%)[KRank 0 | 0/465 (0.00%)[KRank 0 | 0/466 (0.00%)[KRank 0 | 0/467 (0.00%)[KRank 0 | 0/468 (0.00%)[KRank 0 | 0/469 (0.00%)[KRank 0 | 0/470 (0.00%)[KRank 0 | 0/471 (0.00%)[KRank 0 | 0/472 (0.00%)[KRank 0 | 0/473 (0.00%)[KRank 0 | 0/474 (0.00%)[KRank 0 | 0/475 (0.00%)[KRank 0 | 0/476 (0.00%)[KRank 0 | 0/477 (0.00%)[KRank 0 | 0/478 (0.00%)[KRank 0 | 0/479 (0.00%)[KRank 0 | 0/480 (0.00%)[KRank 0 | 0/481 (0.00%)[KRank 0 | 0/482 (0.00%)[KRank 0 | 0/483 (0.00%)[KRank 0 | 0/484 (0.00%)[KRank 0 | 0/485 (0.00%)[KRank 0 | 0/486 (0.00%)[KRank 0 | 0/487 (0.00%)[KRank 0 | 0/488 (0.00%)[KRank 0 | 0/489 (0.00%)[KRank 0 | 0/490 (0.00%)[KRank 0 | 0/491 (0.00%)[KRank 0 | 0/492 (0.00%)[KRank 0 | 0/493 (0.00%)[KRank 0 | 0/494 (0.00%)[KRank 0 | 0/495 (0.00%)[KRank 0 | 0/496 (0.00%)[KRank 0 | 0/497 (0.00%)[KRank 0 | 0/498 (0.00%)[KRank 0 | 0/499 (0.00%)[KRank 0 | 0/500 (0.00%)[KRank 0 | 0/501 (0.00%)[KRank 0 | 0/502 (0.00%)[KRank 0 | 0/503 (0.00%)[KRank 0 | 0/504 (0.00%)[KRank 0 | 0/505 (0.00%)[KRank 0 | 0/506 (0.00%)[KRank 0 | 0/507 (0.00%)[KRank 0 | 0/508 (0.00%)[KRank 0 | 0/509 (0.00%)[KRank 0 | 0/510 (0.00%)[KRank 0 | 0/511 (0.00%)[KRank 0 | 0/512 (0.00%)[KRank 0 | 0/513 (0.00%)[KRank 0 | 0/514 (0.00%)[KRank 0 | 0/515 (0.00%)[KRank 0 | 0/516 (0.00%)[KRank 0 | 0/517 (0.00%)[KRank 0 | 0/518 (0.00%)[KRank 0 | 0/519 (0.00%)[KRank 0 | 0/520 (0.00%)[KRank 0 | 0/521 (0.00%)[KRank 0 | 0/522 (0.00%)[KRank 0 | 0/523 (0.00%)[KRank 0 | 0/524 (0.00%)[KRank 0 | 0/525 (0.00%)[KRank 0 | 0/526 (0.00%)[KRank 0 | 0/527 (0.00%)[KRank 0 | 0/528 (0.00%)[KRank 0 | 0/529 (0.00%)[KRank 0 | 0/530 (0.00%)[KRank 0 | 0/531 (0.00%)[KRank 0 | 0/532 (0.00%)[KRank 0 | 0/533 (0.00%)[KRank 0 | 0/534 (0.00%)[KRank 0 | 0/535 (0.00%)[KRank 0 | 0/536 (0.00%)[KRank 0 | 0/537 (0.00%)[KRank 0 | 0/538 (0.00%)[KRank 0 | 0/539 (0.00%)[KRank 0 | 0/540 (0.00%)[KRank 0 | 0/541 (0.00%)[KRank 0 | 0/542 (0.00%)[KRank 0 | 0/543 (0.00%)[KRank 0 | 0/544 (0.00%)[KRank 0 | 0/545 (0.00%)[KRank 0 | 0/546 (0.00%)[KRank 0 | 0/547 (0.00%)[KRank 0 | 0/548 (0.00%)[KRank 0 | 0/549 (0.00%)[KRank 0 | 0/550 (0.00%)[KRank 0 | 0/551 (0.00%)[KRank 0 | 0/552 (0.00%)[KRank 0 | 0/553 (0.00%)[KRank 0 | 0/554 (0.00%)[KRank 0 | 0/555 (0.00%)[KRank 0 | 0/556 (0.00%)[KRank 0 | 0/557 (0.00%)[KRank 0 | 0/558 (0.00%)[KRank 0 | 0/559 (0.00%)[KRank 0 | 0/560 (0.00%)[KRank 0 | 0/561 (0.00%)[KRank 0 | 0/562 (0.00%)[KRank 0 | 0/563 (0.00%)[KRank 0 | 0/564 (0.00%)[KRank 0 | 0/565 (0.00%)[KRank 0 | 0/566 (0.00%)[KRank 0 | 0/567 (0.00%)[KRank 0 | 0/568 (0.00%)[KRank 0 | 0/569 (0.00%)[KRank 0 | 0/570 (0.00%)[KRank 0 | 0/571 (0.00%)[KRank 0 | 0/572 (0.00%)[KRank 0 | 0/573 (0.00%)[KRank 0 | 0/574 (0.00%)[KRank 0 | 0/575 (0.00%)[KRank 0 | 0/576 (0.00%)[KRank 0 | 0/577 (0.00%)[KRank 0 | 0/578 (0.00%)[KRank 0 | 0/579 (0.00%)[KRank 0 | 0/580 (0.00%)[KRank 0 | 0/581 (0.00%)[KRank 0 | 0/582 (0.00%)[KRank 0 | 0/583 (0.00%)[KRank 0 | 0/584 (0.00%)[KRank 0 | 0/585 (0.00%)[KRank 0 | 0/586 (0.00%)[KRank 0 | 0/587 (0.00%)[KRank 0 | 0/588 (0.00%)[KRank 0 | 0/589 (0.00%)[KRank 0 | 0/590 (0.00%)[KRank 0 | 0/591 (0.00%)[KRank 0 | 0/592 (0.00%)[KRank 0 | 0/593 (0.00%)[KRank 0 | 0/594 (0.00%)[KRank 0 | 0/595 (0.00%)[KRank 0 | 0/596 (0.00%)[KRank 0 | 0/597 (0.00%)[KRank 0 | 0/598 (0.00%)[KRank 0 | 0/599 (0.00%)[KRank 0 | 0/600 (0.00%)[KRank 0 | 0/601 (0.00%)[KRank 0 | 0/602 (0.00%)[KRank 0 | 0/603 (0.00%)[KRank 0 | 0/604 (0.00%)[KRank 0 | 0/605 (0.00%)[KRank 0 | 0/606 (0.00%)[KRank 0 | 0/607 (0.00%)[KRank 0 | 0/608 (0.00%)[KRank 0 | 0/609 (0.00%)[KRank 0 | 0/610 (0.00%)[KRank 0 | 0/611 (0.00%)[KRank 0 | 0/612 (0.00%)[KRank 0 | 0/613 (0.00%)[KRank 0 | 0/614 (0.00%)[KRank 0 | 0/615 (0.00%)[KRank 0 | 0/616 (0.00%)[KRank 0 | 0/617 (0.00%)[KRank 0 | 0/618 (0.00%)[KRank 0 | 0/619 (0.00%)[KRank 0 | 0/620 (0.00%)[KRank 0 | 0/621 (0.00%)[KRank 0 | 0/622 (0.00%)[KRank 0 | 0/623 (0.00%)[KRank 0 | 0/624 (0.00%)[KRank 0 | 0/625 (0.00%)[KRank 0 | 0/626 (0.00%)[KRank 0 | 0/627 (0.00%)[KRank 0 | 0/628 (0.00%)[KRank 0 | 0/629 (0.00%)[KRank 0 | 0/630 (0.00%)[KRank 0 | 0/631 (0.00%)[KRank 0 | 0/632 (0.00%)[KRank 0 | 0/633 (0.00%)[KRank 0 | 0/634 (0.00%)[KRank 0 | 0/635 (0.00%)[KRank 0 | 0/636 (0.00%)[KRank 0 | 0/637 (0.00%)[KRank 0 | 0/638 (0.00%)[KRank 0 | 0/639 (0.00%)[KRank 0 | 0/640 (0.00%)[KRank 0 | 0/641 (0.00%)[KRank 0 | 0/642 (0.00%)[KRank 0 | 0/643 (0.00%)[KRank 0 | 0/644 (0.00%)[KRank 0 | 0/645 (0.00%)[KRank 0 | 0/646 (0.00%)[KRank 0 | 0/647 (0.00%)[KRank 0 | 0/648 (0.00%)[KRank 0 | 0/649 (0.00%)[KRank 0 | 0/650 (0.00%)[KRank 0 | 0/651 (0.00%)[KRank 0 | 0/652 (0.00%)[KRank 0 | 0/653 (0.00%)[KRank 0 | 0/654 (0.00%)[KRank 0 | 0/655 (0.00%)[KRank 0 | 0/656 (0.00%)[KRank 0 | 0/657 (0.00%)[KRank 0 | 0/658 (0.00%)[KRank 0 | 0/659 (0.00%)[KRank 0 | 0/660 (0.00%)[KRank 0 | 0/661 (0.00%)[KRank 0 | 0/662 (0.00%)[KRank 0 | 0/663 (0.00%)[KRank 0 | 0/664 (0.00%)[KRank 0 | 0/665 (0.00%)[KRank 0 | 0/666 (0.00%)[KRank 0 | 0/667 (0.00%)[KRank 0 | 0/668 (0.00%)[KRank 0 | 0/669 (0.00%)[KRank 0 | 0/670 (0.00%)[KRank 0 | 0/671 (0.00%)[KRank 0 | 0/672 (0.00%)[KRank 0 | 0/673 (0.00%)[KRank 0 | 0/674 (0.00%)[KRank 0 | 0/675 (0.00%)[KRank 0 | 0/676 (0.00%)[KRank 0 | 0/677 (0.00%)[KRank 0 | 0/678 (0.00%)[KRank 0 | 0/679 (0.00%)[KRank 0 | 0/680 (0.00%)[KRank 0 | 0/681 (0.00%)[KRank 0 | 0/682 (0.00%)[KRank 0 | 0/683 (0.00%)[KRank 0 | 0/684 (0.00%)[KRank 0 | 0/685 (0.00%)[KRank 0 | 0/686 (0.00%)[KRank 0 | 0/687 (0.00%)[KRank 0 | 0/688 (0.00%)[KRank 0 | 0/689 (0.00%)[KRank 0 | 0/690 (0.00%)[KRank 0 | 0/691 (0.00%)[KRank 0 | 0/692 (0.00%)[KRank 0 | 0/693 (0.00%)[KRank 0 | 0/694 (0.00%)[KRank 0 | 0/695 (0.00%)[KRank 0 | 0/696 (0.00%)[KRank 0 | 0/697 (0.00%)[KRank 0 | 0/698 (0.00%)[KRank 0 | 0/699 (0.00%)[KRank 0 | 0/700 (0.00%)[KRank 0 | 0/701 (0.00%)[KRank 0 | 0/702 (0.00%)[KRank 0 | 0/703 (0.00%)[KRank 0 | 0/704 (0.00%)[KRank 0 | 0/705 (0.00%)[KRank 0 | 0/706 (0.00%)[KRank 0 | 0/707 (0.00%)[KRank 0 | 0/708 (0.00%)[KRank 0 | 0/709 (0.00%)[KRank 0 | 0/710 (0.00%)[KRank 0 | 0/711 (0.00%)[KRank 0 | 0/712 (0.00%)[KRank 0 | 0/713 (0.00%)[KRank 0 | 0/714 (0.00%)[KRank 0 | 0/715 (0.00%)[KRank 0 | 0/716 (0.00%)[KRank 0 | 0/717 (0.00%)[KRank 0 | 0/718 (0.00%)[KRank 0 | 0/719 (0.00%)[KRank 0 | 0/720 (0.00%)[KRank 0 | 0/721 (0.00%)[KRank 0 | 0/722 (0.00%)[KRank 0 | 0/723 (0.00%)[KRank 0 | 0/724 (0.00%)[KRank 0 | 0/725 (0.00%)[KRank 0 | 0/726 (0.00%)[KRank 0 | 0/727 (0.00%)[KRank 0 | 0/728 (0.00%)[KRank 0 | 0/729 (0.00%)[KRank 0 | 0/730 (0.00%)[KRank 0 | 0/731 (0.00%)[KRank 0 | 0/732 (0.00%)[KRank 0 | 0/733 (0.00%)[KRank 0 | 0/734 (0.00%)[KRank 0 | 0/735 (0.00%)[KRank 0 | 0/736 (0.00%)[KRank 0 | 0/737 (0.00%)[KRank 0 | 0/738 (0.00%)[KRank 0 | 0/739 (0.00%)[KRank 0 | 0/740 (0.00%)[KRank 0 | 0/741 (0.00%)[KRank 0 | 0/742 (0.00%)[KRank 0 | 0/743 (0.00%)[KRank 0 | 0/744 (0.00%)[KRank 0 | 0/745 (0.00%)[KRank 0 | 0/746 (0.00%)[KRank 0 | 0/747 (0.00%)[KRank 0 | 0/748 (0.00%)[KRank 0 | 0/749 (0.00%)[KRank 0 | 0/750 (0.00%)[KRank 0 | 0/751 (0.00%)[KRank 0 | 0/752 (0.00%)[KRank 0 | 0/753 (0.00%)[KRank 0 | 0/754 (0.00%)[KRank 0 | 0/755 (0.00%)[KRank 0 | 0/756 (0.00%)[KRank 0 | 0/757 (0.00%)[KRank 0 | 0/758 (0.00%)[KRank 0 | 0/759 (0.00%)[KRank 0 | 0/760 (0.00%)[KRank 0 | 0/761 (0.00%)[KRank 0 | 0/762 (0.00%)[KRank 0 | 0/763 (0.00%)[KRank 0 | 0/764 (0.00%)[KRank 0 | 0/765 (0.00%)[KRank 0 | 0/766 (0.00%)[KRank 0 | 0/767 (0.00%)[KRank 0 | 0/768 (0.00%)[KRank 0 | 0/769 (0.00%)[KRank 0 | 0/770 (0.00%)[KRank 0 | 0/771 (0.00%)[KRank 0 | 0/772 (0.00%)[KRank 0 | 0/773 (0.00%)[KRank 0 | 0/774 (0.00%)[KRank 0 | 0/775 (0.00%)[KRank 0 | 0/776 (0.00%)[KRank 0 | 0/777 (0.00%)[KRank 0 | 0/778 (0.00%)[KRank 0 | 0/779 (0.00%)[KRank 0 | 0/780 (0.00%)[KRank 0 | 0/781 (0.00%)[KRank 0 | 0/782 (0.00%)[KRank 0 | 0/783 (0.00%)[KRank 0 | 0/784 (0.00%)[KRank 0 | 0/785 (0.00%)[KRank 0 | 0/786 (0.00%)[KRank 0 | 0/787 (0.00%)[KRank 0 | 0/788 (0.00%)[KRank 0 | 0/789 (0.00%)[KRank 0 | 0/790 (0.00%)[KRank 0 | 0/791 (0.00%)[KRank 0 | 0/792 (0.00%)[KRank 0 | 0/793 (0.00%)[KRank 0 | 0/794 (0.00%)[KRank 0 | 0/795 (0.00%)[KRank 0 | 0/796 (0.00%)[KRank 0 | 0/797 (0.00%)[KRank 0 | 0/798 (0.00%)[KRank 0 | 0/799 (0.00%)[KRank 0 | 0/800 (0.00%)[KRank 0 | 0/801 (0.00%)[KRank 0 | 0/802 (0.00%)[KRank 0 | 0/803 (0.00%)[KRank 0 | 0/804 (0.00%)[KRank 0 | 0/805 (0.00%)[KRank 0 | 0/806 (0.00%)[KRank 0 | 0/807 (0.00%)[KRank 0 | 0/808 (0.00%)[KRank 0 | 0/809 (0.00%)[KRank 0 | 0/810 (0.00%)[KRank 0 | 0/811 (0.00%)[KRank 0 | 0/812 (0.00%)[KRank 0 | 0/813 (0.00%)[KRank 0 | 0/814 (0.00%)[KRank 0 | 0/815 (0.00%)[KRank 0 | 0/816 (0.00%)[KRank 0 | 0/817 (0.00%)[KRank 0 | 0/818 (0.00%)[KRank 0 | 0/819 (0.00%)[KRank 0 | 0/820 (0.00%)[KRank 0 | 0/821 (0.00%)[KRank 0 | 0/822 (0.00%)[KRank 0 | 0/823 (0.00%)[KRank 0 | 0/824 (0.00%)[KRank 0 | 0/825 (0.00%)[KRank 0 | 0/826 (0.00%)[KRank 0 | 0/827 (0.00%)[KRank 0 | 0/828 (0.00%)[KRank 0 | 0/829 (0.00%)[KRank 0 | 0/830 (0.00%)[KRank 0 | 0/831 (0.00%)[KRank 0 | 0/832 (0.00%)[KRank 0 | 0/833 (0.00%)[KRank 0 | 0/834 (0.00%)[KRank 0 | 0/835 (0.00%)[KRank 0 | 0/836 (0.00%)[KRank 0 | 0/837 (0.00%)[KRank 0 | 0/838 (0.00%)[KRank 0 | 0/839 (0.00%)[KRank 0 | 0/840 (0.00%)[KRank 0 | 0/841 (0.00%)[KRank 0 | 0/842 (0.00%)[KRank 0 | 0/843 (0.00%)[KRank 0 | 0/844 (0.00%)[KRank 0 | 0/845 (0.00%)[KRank 0 | 0/846 (0.00%)[KRank 0 | 0/847 (0.00%)[KRank 0 | 0/848 (0.00%)[KRank 0 | 0/849 (0.00%)[KRank 0 | 0/850 (0.00%)[KRank 0 | 0/851 (0.00%)[KRank 0 | 0/852 (0.00%)[KRank 0 | 0/853 (0.00%)[KRank 0 | 0/854 (0.00%)[KRank 0 | 0/855 (0.00%)[KRank 0 | 0/856 (0.00%)[KRank 0 | 0/857 (0.00%)[KRank 0 | 0/858 (0.00%)[KRank 0 | 0/859 (0.00%)[KRank 0 | 0/860 (0.00%)[KRank 0 | 0/861 (0.00%)[KRank 0 | 0/862 (0.00%)[KRank 0 | 0/863 (0.00%)[KRank 0 | 0/864 (0.00%)[KRank 0 | 0/865 (0.00%)[KRank 0 | 0/866 (0.00%)[KRank 0 | 0/867 (0.00%)[KRank 0 | 0/868 (0.00%)[KRank 0 | 0/869 (0.00%)[KRank 0 | 0/870 (0.00%)[KRank 0 | 0/871 (0.00%)[KRank 0 | 0/872 (0.00%)[KRank 0 | 0/873 (0.00%)[KRank 0 | 0/874 (0.00%)[KRank 0 | 0/875 (0.00%)[KRank 0 | 0/876 (0.00%)[KRank 0 | 0/877 (0.00%)[KRank 0 | 0/878 (0.00%)[KRank 0 | 0/879 (0.00%)[KRank 0 | 0/880 (0.00%)[KRank 0 | 0/881 (0.00%)[KRank 0 | 0/882 (0.00%)[KRank 0 | 0/883 (0.00%)[KRank 0 | 0/884 (0.00%)[KRank 0 | 0/885 (0.00%)[KRank 0 | 0/886 (0.00%)[KRank 0 | 0/887 (0.00%)[KRank 0 | 0/888 (0.00%)[KRank 0 | 0/889 (0.00%)[KRank 0 | 0/890 (0.00%)[KRank 0 | 0/891 (0.00%)[KRank 0 | 0/892 (0.00%)[KRank 0 | 0/893 (0.00%)[KRank 0 | 0/894 (0.00%)[KRank 0 | 0/895 (0.00%)[KRank 0 | 0/896 (0.00%)[KRank 0 | 0/897 (0.00%)[KRank 0 | 0/898 (0.00%)[KRank 0 | 0/899 (0.00%)[KRank 0 | 0/900 (0.00%)[KRank 0 | 0/901 (0.00%)[KRank 0 | 0/902 (0.00%)[KRank 0 | 0/903 (0.00%)[KRank 0 | 0/904 (0.00%)[KRank 0 | 0/905 (0.00%)[KRank 0 | 0/906 (0.00%)[KRank 0 | 0/907 (0.00%)[KRank 0 | 0/908 (0.00%)[KRank 0 | 0/909 (0.00%)[KRank 0 | 0/910 (0.00%)[KRank 0 | 0/911 (0.00%)[KRank 0 | 0/912 (0.00%)[KRank 0 | 0/913 (0.00%)[KRank 0 | 0/914 (0.00%)[KRank 0 | 0/915 (0.00%)[KRank 0 | 0/916 (0.00%)[KRank 0 | 0/917 (0.00%)[KRank 0 | 0/918 (0.00%)[KRank 0 | 0/919 (0.00%)[KRank 0 | 0/920 (0.00%)[KRank 0 | 0/921 (0.00%)[KRank 0 | 0/922 (0.00%)[KRank 0 | 0/923 (0.00%)[KRank 0 | 0/924 (0.00%)[KRank 0 | 0/925 (0.00%)[KRank 0 | 0/926 (0.00%)[KRank 0 | 0/927 (0.00%)[KRank 0 | 0/928 (0.00%)[KRank 0 | 0/929 (0.00%)[KRank 0 | 0/930 (0.00%)[KRank 0 | 0/931 (0.00%)[KRank 0 | 0/932 (0.00%)[KRank 0 | 0/933 (0.00%)[KRank 0 | 0/934 (0.00%)[KRank 0 | 0/935 (0.00%)[KRank 0 | 0/936 (0.00%)[KRank 0 | 0/937 (0.00%)[KRank 0 | 0/938 (0.00%)[KRank 0 | 0/939 (0.00%)[KRank 0 | 0/940 (0.00%)[KRank 0 | 0/941 (0.00%)[KRank 0 | 0/942 (0.00%)[KRank 0 | 0/943 (0.00%)[KRank 0 | 0/944 (0.00%)[KRank 0 | 0/945 (0.00%)[KRank 0 | 0/946 (0.00%)[KRank 0 | 0/947 (0.00%)[KRank 0 | 0/948 (0.00%)[KRank 0 | 0/949 (0.00%)[KRank 0 | 0/950 (0.00%)[KRank 0 | 0/951 (0.00%)[KRank 0 | 0/952 (0.00%)[KRank 0 | 0/953 (0.00%)[KRank 0 | 0/954 (0.00%)[KRank 0 | 0/955 (0.00%)[KRank 0 | 0/956 (0.00%)[KRank 0 | 0/957 (0.00%)[KRank 0 | 0/958 (0.00%)[KRank 0 | 0/959 (0.00%)[KRank 0 | 0/960 (0.00%)[KRank 0 | 0/961 (0.00%)[KRank 0 | 0/962 (0.00%)[KRank 0 | 0/963 (0.00%)[KRank 0 | 0/964 (0.00%)[KRank 0 | 0/965 (0.00%)[KRank 0 | 0/966 (0.00%)[KRank 0 | 0/967 (0.00%)[KRank 0 | 0/968 (0.00%)[KRank 0 | 0/969 (0.00%)[KRank 0 | 0/970 (0.00%)[KRank 0 | 0/971 (0.00%)[KRank 0 | 0/972 (0.00%)[KRank 0 | 0/973 (0.00%)[KRank 0 | 0/974 (0.00%)[KRank 0 | 0/975 (0.00%)[KRank 0 | 0/976 (0.00%)[KRank 0 | 0/977 (0.00%)[KRank 0 | 0/978 (0.00%)[KRank 0 | 0/979 (0.00%)[KRank 0 | 0/980 (0.00%)[KRank 0 | 0/981 (0.00%)[KRank 0 | 0/982 (0.00%)[KRank 0 | 0/983 (0.00%)[KRank 0 | 0/984 (0.00%)[KRank 0 | 0/985 (0.00%)[KRank 0 | 0/986 (0.00%)[KRank 0 | 0/987 (0.00%)[KRank 0 | 0/988 (0.00%)[KRank 0 | 0/989 (0.00%)[KRank 0 | 0/990 (0.00%)[KRank 0 | 0/991 (0.00%)[KRank 0 | 0/992 (0.00%)[KRank 0 | 0/993 (0.00%)[KRank 0 | 0/994 (0.00%)[KRank 0 | 0/995 (0.00%)[KRank 0 | 0/996 (0.00%)[KRank 0 | 0/997 (0.00%)[KRank 0 | 0/998 (0.00%)[KRank 0 | 0/999 (0.00%)[KRank 0 | 0/1000 (0.00%)[KRank 0 | 0/1001 (0.00%)[KRank 0 | 0/1002 (0.00%)[KRank 0 | 0/1003 (0.00%)[KRank 0 | 0/1004 (0.00%)[KRank 0 | 0/1005 (0.00%)[KRank 0 | 0/1006 (0.00%)[KRank 0 | 0/1007 (0.00%)[KRank 0 | 0/1008 (0.00%)[KRank 0 | 0/1009 (0.00%)[KRank 0 | 0/1010 (0.00%)[KRank 0 | 0/1011 (0.00%)[KRank 0 | 0/1012 (0.00%)[KRank 0 | 0/1013 (0.00%)[KRank 0 | 0/1014 (0.00%)[KRank 0 | 0/1015 (0.00%)[KRank 0 | 0/1016 (0.00%)[KRank 0 | 0/1017 (0.00%)[KRank 0 | 0/1018 (0.00%)[KRank 0 | 0/1019 (0.00%)[KRank 0 | 0/1020 (0.00%)[KRank 0 | 0/1021 (0.00%)[KRank 0 | 0/1022 (0.00%)[KRank 0 | 0/1023 (0.00%)[KRank 0 | 0/1024 (0.00%)[KRank 0 | 0/1025 (0.00%)[KRank 0 | 0/1026 (0.00%)[KRank 0 | 0/1027 (0.00%)[KRank 0 | 0/1028 (0.00%)[KRank 0 | 0/1029 (0.00%)[KRank 0 | 0/1030 (0.00%)[KRank 0 | 0/1031 (0.00%)[KRank 0 | 0/1032 (0.00%)[KRank 0 | 0/1033 (0.00%)[KRank 0 | 0/1034 (0.00%)[KRank 0 | 0/1035 (0.00%)[KRank 0 | 0/1036 (0.00%)[KRank 0 | 0/1037 (0.00%)[KRank 0 | 0/1038 (0.00%)[KRank 0 | 0/1039 (0.00%)[KRank 0 | 0/1040 (0.00%)[KRank 0 | 0/1041 (0.00%)[KRank 0 | 0/1042 (0.00%)[KRank 0 | 0/1043 (0.00%)[KRank 0 | 0/1044 (0.00%)[KRank 0 | 0/1045 (0.00%)[KRank 0 | 0/1046 (0.00%)[KRank 0 | 0/1047 (0.00%)[KRank 0 | 0/1048 (0.00%)[KRank 0 | 0/1049 (0.00%)[KRank 0 | 0/1050 (0.00%)[KRank 0 | 0/1051 (0.00%)[KRank 0 | 0/1052 (0.00%)[KRank 0 | 0/1053 (0.00%)[KRank 0 | 0/1054 (0.00%)[KRank 0 | 0/1055 (0.00%)[KRank 0 | 0/1056 (0.00%)[KRank 0 | 0/1057 (0.00%)[KRank 0 | 0/1058 (0.00%)[KRank 0 | 0/1059 (0.00%)[KRank 0 | 0/1060 (0.00%)[KRank 0 | 0/1061 (0.00%)[KRank 0 | 0/1062 (0.00%)[KRank 0 | 0/1063 (0.00%)[KRank 0 | 0/1064 (0.00%)[KRank 0 | 0/1065 (0.00%)[KRank 0 | 0/1066 (0.00%)[KRank 0 | 0/1067 (0.00%)[KRank 0 | 0/1068 (0.00%)[KRank 0 | 0/1069 (0.00%)[KRank 0 | 0/1070 (0.00%)[KRank 0 | 0/1071 (0.00%)[KRank 0 | 0/1072 (0.00%)[KRank 0 | 0/1073 (0.00%)[KRank 0 | 0/1074 (0.00%)[KRank 0 | 0/1075 (0.00%)[KRank 0 | 0/1076 (0.00%)[KRank 0 | 0/1077 (0.00%)[KRank 0 | 0/1078 (0.00%)[KRank 0 | 0/1079 (0.00%)[KRank 0 | 0/1080 (0.00%)[KRank 0 | 0/1081 (0.00%)[KRank 0 | 0/1082 (0.00%)[KRank 0 | 0/1083 (0.00%)[KRank 0 | 0/1084 (0.00%)[KRank 0 | 0/1085 (0.00%)[KRank 0 | 0/1086 (0.00%)[KRank 0 | 0/1087 (0.00%)[KRank 0 | 0/1088 (0.00%)[KRank 0 | 0/1089 (0.00%)[KRank 0 | 0/1090 (0.00%)[KRank 0 | 0/1091 (0.00%)[KRank 0 | 0/1092 (0.00%)[KRank 0 | 0/1093 (0.00%)[KRank 0 | 0/1094 (0.00%)[KRank 0 | 0/1095 (0.00%)[KRank 0 | 0/1096 (0.00%)[KRank 0 | 0/1097 (0.00%)[KRank 0 | 0/1098 (0.00%)[KRank 0 | 0/1099 (0.00%)[KRank 0 | 0/1100 (0.00%)[KRank 0 | 0/1101 (0.00%)[KRank 0 | 0/1102 (0.00%)[KRank 0 | 0/1103 (0.00%)[KRank 0 | 0/1104 (0.00%)[KRank 0 | 0/1105 (0.00%)[KRank 0 | 0/1106 (0.00%)[KRank 0 | 0/1107 (0.00%)[KRank 0 | 0/1108 (0.00%)[KRank 0 | 0/1109 (0.00%)[KRank 0 | 0/1110 (0.00%)[KRank 0 | 0/1111 (0.00%)[KRank 0 | 0/1112 (0.00%)[KRank 0 | 0/1113 (0.00%)[KRank 0 | 0/1114 (0.00%)[KRank 0 | 0/1115 (0.00%)[KRank 0 | 0/1116 (0.00%)[KRank 0 | 0/1117 (0.00%)[KRank 0 | 0/1118 (0.00%)[KRank 0 | 0/1119 (0.00%)[KRank 0 | 0/1120 (0.00%)[KRank 0 | 0/1121 (0.00%)[KRank 0 | 0/1122 (0.00%)[KRank 0 | 0/1123 (0.00%)[KRank 0 | 0/1124 (0.00%)[KRank 0 | 0/1125 (0.00%)[KRank 0 | 0/1126 (0.00%)[KRank 0 | 0/1127 (0.00%)[KRank 0 | 0/1128 (0.00%)[KRank 0 | 0/1129 (0.00%)[KRank 0 | 0/1130 (0.00%)[KRank 0 | 0/1131 (0.00%)[KRank 0 | 0/1132 (0.00%)[KRank 0 | 0/1133 (0.00%)[KRank 0 | 0/1134 (0.00%)[KRank 0 | 0/1135 (0.00%)[KRank 0 | 0/1136 (0.00%)[KRank 0 | 0/1137 (0.00%)[KRank 0 | 0/1138 (0.00%)[KRank 0 | 0/1139 (0.00%)[KRank 0 | 0/1140 (0.00%)[KRank 0 | 0/1141 (0.00%)[KRank 0 | 0/1142 (0.00%)[KRank 0 | 0/1143 (0.00%)[KRank 0 | 0/1144 (0.00%)[KRank 0 | 0/1145 (0.00%)[KRank 0 | 0/1146 (0.00%)[KRank 0 | 0/1147 (0.00%)[KRank 0 | 0/1148 (0.00%)[KRank 0 | 0/1149 (0.00%)[KRank 0 | 0/1150 (0.00%)[KRank 0 | 0/1151 (0.00%)[KRank 0 | 0/1152 (0.00%)[KRank 0 | 0/1153 (0.00%)[KRank 0 | 0/1154 (0.00%)[KRank 0 | 0/1155 (0.00%)[KRank 0 | 0/1156 (0.00%)[KRank 0 | 0/1157 (0.00%)[KRank 0 | 0/1158 (0.00%)[KRank 0 | 0/1159 (0.00%)[KRank 0 | 0/1160 (0.00%)[KRank 0 | 0/1161 (0.00%)[KRank 0 | 0/1162 (0.00%)[KRank 0 | 0/1163 (0.00%)[KRank 0 | 0/1164 (0.00%)[KRank 0 | 0/1165 (0.00%)[KRank 0 | 0/1166 (0.00%)[KRank 0 | 0/1167 (0.00%)[KRank 0 | 0/1168 (0.00%)[KRank 0 | 0/1169 (0.00%)[KRank 0 | 0/1170 (0.00%)[KRank 0 | 0/1171 (0.00%)[KRank 0 | 0/1172 (0.00%)[KRank 0 | 0/1173 (0.00%)[KRank 0 | 0/1174 (0.00%)[KRank 0 | 0/1175 (0.00%)[KRank 0 | 0/1176 (0.00%)[KRank 0 | 0/1177 (0.00%)[KRank 0 | 0/1178 (0.00%)[KRank 0 | 0/1179 (0.00%)[KRank 0 | 0/1180 (0.00%)[KRank 0 | 0/1181 (0.00%)[KRank 0 | 0/1182 (0.00%)[KRank 0 | 0/1183 (0.00%)[KRank 0 | 0/1184 (0.00%)[KRank 0 | 0/1185 (0.00%)[KRank 0 | 0/1186 (0.00%)[KRank 0 | 0/1187 (0.00%)[KRank 0 | 0/1188 (0.00%)[KRank 0 | 0/1189 (0.00%)[KRank 0 | 0/1190 (0.00%)[KRank 0 | 0/1191 (0.00%)[KRank 0 | 0/1192 (0.00%)[KRank 0 | 0/1193 (0.00%)[KRank 0 | 0/1194 (0.00%)[KRank 0 | 0/1195 (0.00%)[KRank 0 | 0/1196 (0.00%)[KRank 0 | 0/1197 (0.00%)[KRank 0 | 0/1198 (0.00%)[KRank 0 | 0/1199 (0.00%)[KRank 0 | 0/1200 (0.00%)[KRank 0 | 0/1201 (0.00%)[KRank 0 | 0/1202 (0.00%)[KRank 0 | 0/1203 (0.00%)[KRank 0 | 0/1204 (0.00%)[KRank 0 | 0/1205 (0.00%)[KRank 0 | 0/1206 (0.00%)[KRank 0 | 0/1207 (0.00%)[KRank 0 | 0/1208 (0.00%)[KRank 0 | 0/1209 (0.00%)[KRank 0 | 0/1210 (0.00%)[KRank 0 | 0/1211 (0.00%)[KRank 0 | 0/1212 (0.00%)[KRank 0 | 0/1213 (0.00%)[KRank 0 | 0/1214 (0.00%)[KRank 0 | 0/1215 (0.00%)[KRank 0 | 0/1216 (0.00%)[KRank 0 | 0/1217 (0.00%)[KRank 0 | 0/1218 (0.00%)[KRank 0 | 0/1219 (0.00%)[KRank 0 | 0/1220 (0.00%)[KRank 0 | 0/1221 (0.00%)[KRank 0 | 0/1222 (0.00%)[KRank 0 | 0/1223 (0.00%)[KRank 0 | 0/1224 (0.00%)[KRank 0 | 0/1225 (0.00%)[KRank 0 | 0/1226 (0.00%)[KRank 0 | 0/1227 (0.00%)[KRank 0 | 0/1228 (0.00%)[KRank 0 | 0/1229 (0.00%)[KRank 0 | 0/1230 (0.00%)[KRank 0 | 0/1231 (0.00%)[KRank 0 | 0/1232 (0.00%)[KRank 0 | 0/1233 (0.00%)[KRank 0 | 0/1234 (0.00%)[KRank 0 | 0/1235 (0.00%)[KRank 0 | 0/1236 (0.00%)[KRank 0 | 0/1237 (0.00%)[KRank 0 | 0/1238 (0.00%)[KRank 0 | 0/1239 (0.00%)[KRank 0 | 0/1240 (0.00%)[KRank 0 | 0/1241 (0.00%)[KRank 0 | 0/1242 (0.00%)[KRank 0 | 0/1243 (0.00%)[KRank 0 | 0/1244 (0.00%)[KRank 0 | 0/1245 (0.00%)[KRank 0 | 0/1246 (0.00%)[KRank 0 | 0/1247 (0.00%)[KRank 0 | 0/1248 (0.00%)[KRank 0 | 0/1249 (0.00%)[KRank 0 | 0/1250 (0.00%)[KRank 0 | 0/1251 (0.00%)[KRank 0 | 0/1252 (0.00%)[KRank 0 | 0/1253 (0.00%)[KRank 0 | 0/1254 (0.00%)[KRank 0 | 0/1255 (0.00%)[KRank 0 | 0/1256 (0.00%)[KRank 0 | 0/1257 (0.00%)[KRank 0 | 0/1258 (0.00%)[KRank 0 | 0/1259 (0.00%)[KRank 0 | 0/1260 (0.00%)[KRank 0 | 0/1261 (0.00%)[KRank 0 | 0/1262 (0.00%)[KRank 0 | 0/1263 (0.00%)[KRank 0 | 0/1264 (0.00%)[KRank 0 | 0/1265 (0.00%)[KRank 0 | 0/1266 (0.00%)[KRank 0 | 0/1267 (0.00%)[KRank 0 | 0/1268 (0.00%)[KRank 0 | 0/1269 (0.00%)[KRank 0 | 0/1270 (0.00%)[KRank 0 | 0/1271 (0.00%)[KRank 0 | 0/1272 (0.00%)[KRank 0 | 0/1273 (0.00%)[KRank 0 | 0/1274 (0.00%)[KRank 0 | 0/1275 (0.00%)[KRank 0 | 0/1276 (0.00%)[KRank 0 | 0/1277 (0.00%)[KRank 0 | 0/1278 (0.00%)[KRank 0 | 0/1279 (0.00%)[KRank 0 | 0/1280 (0.00%)[KRank 0 | 0/1281 (0.00%)[KRank 0 | 0/1282 (0.00%)[KRank 0 | 0/1283 (0.00%)[KRank 0 | 0/1284 (0.00%)[KRank 0 | 0/1285 (0.00%)[KRank 0 | 0/1286 (0.00%)[KRank 0 | 0/1287 (0.00%)[KRank 0 | 0/1288 (0.00%)[KRank 0 | 0/1289 (0.00%)[KRank 0 | 0/1290 (0.00%)[KRank 0 | 0/1291 (0.00%)[KRank 0 | 0/1292 (0.00%)[KRank 0 | 0/1293 (0.00%)[KRank 0 | 0/1294 (0.00%)[KRank 0 | 0/1295 (0.00%)[KRank 0 | 0/1296 (0.00%)[KRank 0 | 0/1297 (0.00%)[KRank 0 | 0/1298 (0.00%)[KRank 0 | 0/1299 (0.00%)[KRank 0 | 0/1300 (0.00%)[KRank 0 | 0/1301 (0.00%)[KRank 0 | 0/1302 (0.00%)[KRank 0 | 0/1303 (0.00%)[KRank 0 | 0/1304 (0.00%)[KRank 0 | 0/1305 (0.00%)[KRank 0 | 0/1306 (0.00%)[KRank 0 | 0/1307 (0.00%)[KRank 0 | 0/1308 (0.00%)[KRank 0 | 0/1309 (0.00%)[KRank 0 | 0/1310 (0.00%)[KRank 0 | 0/1311 (0.00%)[KRank 0 | 0/1312 (0.00%)[KRank 0 | 0/1313 (0.00%)[KRank 0 | 0/1314 (0.00%)[KRank 0 | 0/1315 (0.00%)[KRank 0 | 0/1316 (0.00%)[KRank 0 | 0/1317 (0.00%)[KRank 0 | 0/1318 (0.00%)[KRank 0 | 0/1319 (0.00%)
==================================================
Final: 0/1319 (0.00%)
GSM8K accuracy: 0.00%
[KRank 0 | 0/1 (0.00%)[KRank 0 | 0/2 (0.00%)[KRank 0 | 0/3 (0.00%)[KRank 0 | 0/4 (0.00%)[KRank 0 | 0/5 (0.00%)[KRank 0 | 0/6 (0.00%)[KRank 0 | 0/7 (0.00%)[KRank 0 | 0/8 (0.00%)[KRank 0 | 0/9 (0.00%)[KRank 0 | 0/10 (0.00%)[KRank 0 | 0/11 (0.00%)[KRank 0 | 0/12 (0.00%)[KRank 0 | 0/13 (0.00%)[KRank 0 | 0/14 (0.00%)[KRank 0 | 0/15 (0.00%)[KRank 0 | 0/16 (0.00%)[KRank 0 | 0/17 (0.00%)[KRank 0 | 0/18 (0.00%)[KRank 0 | 0/19 (0.00%)[KRank 0 | 0/20 (0.00%)[KRank 0 | 0/21 (0.00%)[KRank 0 | 0/22 (0.00%)[KRank 0 | 0/23 (0.00%)[KRank 0 | 0/24 (0.00%)[KRank 0 | 0/25 (0.00%)[KRank 0 | 0/26 (0.00%)[KRank 0 | 0/27 (0.00%)[KRank 0 | 0/28 (0.00%)[KRank 0 | 0/29 (0.00%)[KRank 0 | 0/30 (0.00%)[KRank 0 | 0/31 (0.00%)[KRank 0 | 0/32 (0.00%)[KRank 0 | 0/33 (0.00%)[KRank 0 | 0/34 (0.00%)[KRank 0 | 0/35 (0.00%)[KRank 0 | 0/36 (0.00%)[KRank 0 | 0/37 (0.00%)[KRank 0 | 0/38 (0.00%)[KRank 0 | 0/39 (0.00%)[KRank 0 | 0/40 (0.00%)[KRank 0 | 0/41 (0.00%)[KRank 0 | 0/42 (0.00%)[KRank 0 | 0/43 (0.00%)[KRank 0 | 0/44 (0.00%)[KRank 0 | 0/45 (0.00%)[KRank 0 | 0/46 (0.00%)[KRank 0 | 0/47 (0.00%)[KRank 0 | 0/48 (0.00%)[KRank 0 | 0/49 (0.00%)[KRank 0 | 0/50 (0.00%)[KRank 0 | 0/51 (0.00%)[KRank 0 | 0/52 (0.00%)[KRank 0 | 0/53 (0.00%)[KRank 0 | 0/54 (0.00%)[KRank 0 | 0/55 (0.00%)[KRank 0 | 0/56 (0.00%)[KRank 0 | 0/57 (0.00%)[KRank 0 | 0/58 (0.00%)[KRank 0 | 0/59 (0.00%)[KRank 0 | 0/60 (0.00%)[KRank 0 | 0/61 (0.00%)[KRank 0 | 0/62 (0.00%)[KRank 0 | 0/63 (0.00%)[KRank 0 | 0/64 (0.00%)[KRank 0 | 0/65 (0.00%)[KRank 0 | 0/66 (0.00%)[KRank 0 | 0/67 (0.00%)[KRank 0 | 0/68 (0.00%)[KRank 0 | 0/69 (0.00%)[KRank 0 | 0/70 (0.00%)[KRank 0 | 0/71 (0.00%)[KRank 0 | 0/72 (0.00%)[KRank 0 | 0/73 (0.00%)[KRank 0 | 0/74 (0.00%)[KRank 0 | 0/75 (0.00%)[KRank 0 | 0/76 (0.00%)[KRank 0 | 0/77 (0.00%)[KRank 0 | 0/78 (0.00%)[KRank 0 | 0/79 (0.00%)[KRank 0 | 0/80 (0.00%)[KRank 0 | 0/81 (0.00%)[KRank 0 | 0/82 (0.00%)[KRank 0 | 0/83 (0.00%)[KRank 0 | 0/84 (0.00%)[KRank 0 | 0/85 (0.00%)[KRank 0 | 0/86 (0.00%)[KRank 0 | 0/87 (0.00%)[KRank 0 | 0/88 (0.00%)[KRank 0 | 0/89 (0.00%)[KRank 0 | 0/90 (0.00%)[KRank 0 | 0/91 (0.00%)[KRank 0 | 0/92 (0.00%)[KRank 0 | 0/93 (0.00%)[KRank 0 | 0/94 (0.00%)[KRank 0 | 0/95 (0.00%)[KRank 0 | 0/96 (0.00%)[KRank 0 | 0/97 (0.00%)[KRank 0 | 0/98 (0.00%)[KRank 0 | 0/99 (0.00%)[KRank 0 | 0/100 (0.00%)[KRank 0 | 0/101 (0.00%)[KRank 0 | 0/102 (0.00%)[KRank 0 | 0/103 (0.00%)[KRank 0 | 0/104 (0.00%)[KRank 0 | 0/105 (0.00%)[KRank 0 | 0/106 (0.00%)[KRank 0 | 0/107 (0.00%)[KRank 0 | 0/108 (0.00%)[KRank 0 | 0/109 (0.00%)[KRank 0 | 0/110 (0.00%)[KRank 0 | 0/111 (0.00%)[KRank 0 | 0/112 (0.00%)[KRank 0 | 0/113 (0.00%)[KRank 0 | 0/114 (0.00%)[KRank 0 | 0/115 (0.00%)[KRank 0 | 0/116 (0.00%)[KRank 0 | 0/117 (0.00%)[KRank 0 | 0/118 (0.00%)[KRank 0 | 0/119 (0.00%)[KRank 0 | 0/120 (0.00%)[KRank 0 | 0/121 (0.00%)[KRank 0 | 0/122 (0.00%)[KRank 0 | 0/123 (0.00%)[KRank 0 | 0/124 (0.00%)[KRank 0 | 0/125 (0.00%)[KRank 0 | 0/126 (0.00%)[KRank 0 | 0/127 (0.00%)[KRank 0 | 0/128 (0.00%)[KRank 0 | 0/129 (0.00%)[KRank 0 | 0/130 (0.00%)[KRank 0 | 0/131 (0.00%)[KRank 0 | 0/132 (0.00%)[KRank 0 | 0/133 (0.00%)[KRank 0 | 0/134 (0.00%)[KRank 0 | 0/135 (0.00%)[KRank 0 | 0/136 (0.00%)[KRank 0 | 0/137 (0.00%)[KRank 0 | 0/138 (0.00%)[KRank 0 | 0/139 (0.00%)[KRank 0 | 0/140 (0.00%)[KRank 0 | 0/141 (0.00%)[KRank 0 | 0/142 (0.00%)[KRank 0 | 0/143 (0.00%)[KRank 0 | 0/144 (0.00%)[KRank 0 | 0/145 (0.00%)[KRank 0 | 0/146 (0.00%)[KRank 0 | 0/147 (0.00%)[KRank 0 | 0/148 (0.00%)[KRank 0 | 0/149 (0.00%)[KRank 0 | 0/150 (0.00%)[KRank 0 | 0/151 (0.00%)[KRank 0 | 0/152 (0.00%)[KRank 0 | 0/153 (0.00%)[KRank 0 | 0/154 (0.00%)[KRank 0 | 0/155 (0.00%)[KRank 0 | 0/156 (0.00%)[KRank 0 | 0/157 (0.00%)[KRank 0 | 0/158 (0.00%)[KRank 0 | 0/159 (0.00%)[KRank 0 | 0/160 (0.00%)[KRank 0 | 0/161 (0.00%)[KRank 0 | 0/162 (0.00%)[KRank 0 | 0/163 (0.00%)[KRank 0 | 0/164 (0.00%)
==================================================
Final: 0/164 (0.00%)
HumanEval accuracy: 0.00%
[KRank 0 | 0/1 (0.00%)[KRank 0 | 0/2 (0.00%)[KRank 0 | 0/3 (0.00%)[KRank 0 | 0/4 (0.00%)[KRank 0 | 0/5 (0.00%)[KRank 0 | 0/6 (0.00%)[KRank 0 | 0/7 (0.00%)[KRank 0 | 0/8 (0.00%)[KRank 0 | 0/9 (0.00%)[KRank 0 | 0/10 (0.00%)[KRank 0 | 0/11 (0.00%)[KRank 0 | 0/12 (0.00%)[KRank 0 | 0/13 (0.00%)[KRank 0 | 0/14 (0.00%)[KRank 0 | 0/15 (0.00%)[KRank 0 | 0/16 (0.00%)[KRank 0 | 0/17 (0.00%)[KRank 0 | 0/18 (0.00%)[KRank 0 | 0/19 (0.00%)[KRank 0 | 0/20 (0.00%)[KRank 0 | 0/21 (0.00%)[KRank 0 | 0/22 (0.00%)[KRank 0 | 0/23 (0.00%)[KRank 0 | 0/24 (0.00%)[KRank 0 | 0/25 (0.00%)[KRank 0 | 0/26 (0.00%)[KRank 0 | 0/27 (0.00%)[KRank 0 | 0/28 (0.00%)[KRank 0 | 0/29 (0.00%)[KRank 0 | 0/30 (0.00%)[KRank 0 | 0/31 (0.00%)[KRank 0 | 0/32 (0.00%)[KRank 0 | 0/33 (0.00%)[KRank 0 | 0/34 (0.00%)[KRank 0 | 0/35 (0.00%)[KRank 0 | 0/36 (0.00%)[KRank 0 | 0/37 (0.00%)[KRank 0 | 0/38 (0.00%)[KRank 0 | 0/39 (0.00%)[KRank 0 | 0/40 (0.00%)[KRank 0 | 0/41 (0.00%)[KRank 0 | 0/42 (0.00%)[KRank 0 | 0/43 (0.00%)[KRank 0 | 0/44 (0.00%)[KRank 0 | 0/45 (0.00%)[KRank 0 | 0/46 (0.00%)[KRank 0 | 0/47 (0.00%)[KRank 0 | 0/48 (0.00%)[KRank 0 | 0/49 (0.00%)[KRank 0 | 0/50 (0.00%)[KRank 0 | 0/51 (0.00%)[KRank 0 | 0/52 (0.00%)[KRank 0 | 0/53 (0.00%)[KRank 0 | 0/54 (0.00%)[KRank 0 | 0/55 (0.00%)[KRank 0 | 0/56 (0.00%)[KRank 0 | 0/57 (0.00%)[KRank 0 | 0/58 (0.00%)[KRank 0 | 0/59 (0.00%)[KRank 0 | 0/60 (0.00%)[KRank 0 | 0/61 (0.00%)[KRank 0 | 0/62 (0.00%)[KRank 0 | 0/63 (0.00%)[KRank 0 | 0/64 (0.00%)[KRank 0 | 0/65 (0.00%)[KRank 0 | 0/66 (0.00%)[KRank 0 | 0/67 (0.00%)[KRank 0 | 0/68 (0.00%)[KRank 0 | 0/69 (0.00%)[KRank 0 | 0/70 (0.00%)[KRank 0 | 0/71 (0.00%)[KRank 0 | 0/72 (0.00%)[KRank 0 | 0/73 (0.00%)[KRank 0 | 0/74 (0.00%)[KRank 0 | 0/75 (0.00%)[KRank 0 | 0/76 (0.00%)[KRank 0 | 0/77 (0.00%)[KRank 0 | 0/78 (0.00%)[KRank 0 | 0/79 (0.00%)[KRank 0 | 0/80 (0.00%)[KRank 0 | 0/81 (0.00%)[KRank 0 | 0/82 (0.00%)[KRank 0 | 0/83 (0.00%)[KRank 0 | 0/84 (0.00%)[KRank 0 | 0/85 (0.00%)[KRank 0 | 0/86 (0.00%)[KRank 0 | 0/87 (0.00%)[KRank 0 | 0/88 (0.00%)[KRank 0 | 0/89 (0.00%)[KRank 0 | 0/90 (0.00%)[KRank 0 | 0/91 (0.00%)[KRank 0 | 0/92 (0.00%)[KRank 0 | 0/93 (0.00%)[KRank 0 | 0/94 (0.00%)[KRank 0 | 0/95 (0.00%)[KRank 0 | 0/96 (0.00%)[KRank 0 | 0/97 (0.00%)[KRank 0 | 0/98 (0.00%)[KRank 0 | 0/99 (0.00%)[KRank 0 | 0/100 (0.00%)[KRank 0 | 0/101 (0.00%)[KRank 0 | 0/102 (0.00%)[KRank 0 | 0/103 (0.00%)[KRank 0 | 0/104 (0.00%)[KRank 0 | 0/105 (0.00%)[KRank 0 | 0/106 (0.00%)[KRank 0 | 0/107 (0.00%)[KRank 0 | 0/108 (0.00%)[KRank 0 | 0/109 (0.00%)[KRank 0 | 0/110 (0.00%)[KRank 0 | 0/111 (0.00%)[KRank 0 | 0/112 (0.00%)[KRank 0 | 0/113 (0.00%)[KRank 0 | 0/114 (0.00%)[KRank 0 | 0/115 (0.00%)[KRank 0 | 0/116 (0.00%)[KRank 0 | 0/117 (0.00%)[KRank 0 | 0/118 (0.00%)[KRank 0 | 0/119 (0.00%)[KRank 0 | 0/120 (0.00%)[KRank 0 | 0/121 (0.00%)[KRank 0 | 0/122 (0.00%)[KRank 0 | 0/123 (0.00%)[KRank 0 | 0/124 (0.00%)[KRank 0 | 0/125 (0.00%)[KRank 0 | 0/126 (0.00%)[KRank 0 | 0/127 (0.00%)[KRank 0 | 0/128 (0.00%)[KRank 0 | 0/129 (0.00%)[KRank 0 | 0/130 (0.00%)[KRank 0 | 0/131 (0.00%)[KRank 0 | 0/132 (0.00%)[KRank 0 | 0/133 (0.00%)[KRank 0 | 0/134 (0.00%)[KRank 0 | 0/135 (0.00%)[KRank 0 | 0/136 (0.00%)[KRank 0 | 0/137 (0.00%)[KRank 0 | 0/138 (0.00%)[KRank 0 | 0/139 (0.00%)[KRank 0 | 0/140 (0.00%)[KRank 0 | 0/141 (0.00%)[KRank 0 | 0/142 (0.00%)[KRank 0 | 0/143 (0.00%)[KRank 0 | 0/144 (0.00%)[KRank 0 | 0/145 (0.00%)[KRank 0 | 0/146 (0.00%)[KRank 0 | 0/147 (0.00%)[KRank 0 | 0/148 (0.00%)[KRank 0 | 0/149 (0.00%)[KRank 0 | 0/150 (0.00%)[KRank 0 | 0/151 (0.00%)[KRank 0 | 0/152 (0.00%)[KRank 0 | 0/153 (0.00%)[KRank 0 | 0/154 (0.00%)[KRank 0 | 0/155 (0.00%)[KRank 0 | 0/156 (0.00%)[KRank 0 | 0/157 (0.00%)[KRank 0 | 0/158 (0.00%)[KRank 0 | 0/159 (0.00%)[KRank 0 | 0/160 (0.00%)[KRank 0 | 0/161 (0.00%)[KRank 0 | 0/162 (0.00%)[KRank 0 | 0/163 (0.00%)[KRank 0 | 0/164 (0.00%)[KRank 0 | 0/165 (0.00%)[KRank 0 | 0/166 (0.00%)[KRank 0 | 0/167 (0.00%)[KRank 0 | 0/168 (0.00%)[KRank 0 | 0/169 (0.00%)[KRank 0 | 0/170 (0.00%)[KRank 0 | 0/171 (0.00%)[KRank 0 | 0/172 (0.00%)[KRank 0 | 0/173 (0.00%)[KRank 0 | 0/174 (0.00%)[KRank 0 | 0/175 (0.00%)[KRank 0 | 0/176 (0.00%)[KRank 0 | 0/177 (0.00%)[KRank 0 | 0/178 (0.00%)[KRank 0 | 0/179 (0.00%)[KRank 0 | 0/180 (0.00%)[KRank 0 | 0/181 (0.00%)[KRank 0 | 0/182 (0.00%)[KRank 0 | 0/183 (0.00%)[KRank 0 | 0/184 (0.00%)[KRank 0 | 0/185 (0.00%)[KRank 0 | 0/186 (0.00%)[KRank 0 | 0/187 (0.00%)[KRank 0 | 0/188 (0.00%)[KRank 0 | 0/189 (0.00%)[KRank 0 | 0/190 (0.00%)[KRank 0 | 0/191 (0.00%)[KRank 0 | 0/192 (0.00%)[KRank 0 | 0/193 (0.00%)[KRank 0 | 0/194 (0.00%)[KRank 0 | 0/195 (0.00%)[KRank 0 | 0/196 (0.00%)[KRank 0 | 0/197 (0.00%)[KRank 0 | 0/198 (0.00%)[KRank 0 | 0/199 (0.00%)[KRank 0 | 0/200 (0.00%)[KRank 0 | 0/201 (0.00%)[KRank 0 | 0/202 (0.00%)[KRank 0 | 0/203 (0.00%)[KRank 0 | 0/204 (0.00%)[KRank 0 | 0/205 (0.00%)[KRank 0 | 0/206 (0.00%)[KRank 0 | 0/207 (0.00%)[KRank 0 | 0/208 (0.00%)[KRank 0 | 0/209 (0.00%)[KRank 0 | 0/210 (0.00%)[KRank 0 | 0/211 (0.00%)[KRank 0 | 0/212 (0.00%)[KRank 0 | 0/213 (0.00%)[KRank 0 | 0/214 (0.00%)[KRank 0 | 0/215 (0.00%)[KRank 0 | 0/216 (0.00%)[KRank 0 | 0/217 (0.00%)[KRank 0 | 0/218 (0.00%)[KRank 0 | 0/219 (0.00%)[KRank 0 | 0/220 (0.00%)[KRank 0 | 0/221 (0.00%)[KRank 0 | 0/222 (0.00%)[KRank 0 | 0/223 (0.00%)[KRank 0 | 0/224 (0.00%)[KRank 0 | 0/225 (0.00%)[KRank 0 | 0/226 (0.00%)[KRank 0 | 0/227 (0.00%)[KRank 0 | 0/228 (0.00%)[KRank 0 | 0/229 (0.00%)[KRank 0 | 0/230 (0.00%)[KRank 0 | 0/231 (0.00%)[KRank 0 | 0/232 (0.00%)[KRank 0 | 0/233 (0.00%)[KRank 0 | 0/234 (0.00%)[KRank 0 | 0/235 (0.00%)[KRank 0 | 0/236 (0.00%)[KRank 0 | 0/237 (0.00%)[KRank 0 | 0/238 (0.00%)[KRank 0 | 0/239 (0.00%)[KRank 0 | 0/240 (0.00%)[KRank 0 | 0/241 (0.00%)[KRank 0 | 0/242 (0.00%)[KRank 0 | 0/243 (0.00%)[KRank 0 | 0/244 (0.00%)[KRank 0 | 0/245 (0.00%)[KRank 0 | 0/246 (0.00%)[KRank 0 | 0/247 (0.00%)[KRank 0 | 0/248 (0.00%)[KRank 0 | 0/249 (0.00%)[KRank 0 | 0/250 (0.00%)[KRank 0 | 0/251 (0.00%)[KRank 0 | 0/252 (0.00%)[KRank 0 | 0/253 (0.00%)[KRank 0 | 0/254 (0.00%)[KRank 0 | 0/255 (0.00%)[KRank 0 | 0/256 (0.00%)
==================================================
Final: 0/256 (0.00%)
SpellingBee accuracy: 0.00%
Generating report to /home/keef/.cache/nanochat/report/report.md
Warning: /home/keef/.cache/nanochat/report/base-model-training.md does not exist, skipping
Warning: /home/keef/.cache/nanochat/report/base-model-loss.md does not exist, skipping
Warning: /home/keef/.cache/nanochat/report/base-model-evaluation.md does not exist, skipping
Warning: /home/keef/.cache/nanochat/report/chat-sft.md does not exist, skipping
Warning: /home/keef/.cache/nanochat/report/chat-rl.md does not exist, skipping
Warning: /home/keef/.cache/nanochat/report/chat-evaluation-rl.md does not exist, skipping
Copying report.md to current directory for convenience
