INFO:     Started server process [228322]
INFO:     Waiting for application startup.
2026-03-21 22:07:26,006 - nanochat.checkpoint_manager - [32m[1mINFO[0m - Loading model from /home/keef/.cache/nanochat/chatsft_checkpoints/browser_verify with step 5
2026-03-21 22:07:26,017 - nanochat.checkpoint_manager - [32m[1mINFO[0m - Building model with config: {'sequence_len': 256, 'vocab_size': 32768, 'n_layer': 2, 'n_head': 1, 'n_kv_head': 1, 'n_embd': 64, 'window_pattern': 'L'}
INFO:     Application startup complete.
INFO:     Uvicorn running on http://0.0.0.0:8011 (Press CTRL+C to quit)
Starting NanoChat Web Server
Backend: nanochat
Temperature: 0.8, Top-k: 50, Max tokens: 512
Loading nanochat models across GPUs...
Initializing worker pool with 1 GPUs...
Loading model on cpu...
All 1 workers initialized!
Inference/RAG startup finished; Uvicorn will print the listen URL when the socket is bound.
INFO:     127.0.0.1:46470 - "GET /health HTTP/1.1" 200 OK
INFO:     127.0.0.1:40810 - "GET / HTTP/1.1" 200 OK
INFO:     127.0.0.1:40810 - "GET /health HTTP/1.1" 200 OK
INFO:     127.0.0.1:40810 - "GET /logo.svg HTTP/1.1" 200 OK
2026-03-21 22:08:15,501 - __main__ - [32m[1mINFO[0m - Session: sess_xsjtb4s3q4f, AB Group: A
2026-03-21 22:08:15,501 - __main__ - [32m[1mINFO[0m - ====================
2026-03-21 22:08:15,501 - __main__ - [32m[1mINFO[0m - [USER]: Hello
2026-03-21 22:08:15,501 - __main__ - [32m[1mINFO[0m - --------------------
INFO:     127.0.0.1:40820 - "POST /chat/completions HTTP/1.1" 200 OK
2026-03-21 22:08:15,505 - __main__ - [32m[1mINFO[0m - [ASSISTANT] (GPU 0): 
2026-03-21 22:08:15,505 - __main__ - [32m[1mINFO[0m - Stats: 0 tokens, 0.00s, 0.00 tok/s
2026-03-21 22:08:15,505 - __main__ - [32m[1mINFO[0m - ====================
ERROR:    Exception in ASGI application
  + Exception Group Traceback (most recent call last):
  |   File "/home/keef/nanochatkwizzle/.venv/lib/python3.10/site-packages/starlette/_utils.py", line 81, in collapse_excgroups
  |     yield
  |   File "/home/keef/nanochatkwizzle/.venv/lib/python3.10/site-packages/starlette/responses.py", line 270, in __call__
  |     async with anyio.create_task_group() as task_group:
  |   File "/home/keef/nanochatkwizzle/.venv/lib/python3.10/site-packages/anyio/_backends/_asyncio.py", line 772, in __aexit__
  |     raise BaseExceptionGroup(
  | exceptiongroup.ExceptionGroup: unhandled errors in a TaskGroup (1 sub-exception)
  +-+---------------- 1 ----------------
    | Traceback (most recent call last):
    |   File "/home/keef/nanochatkwizzle/.venv/lib/python3.10/site-packages/uvicorn/protocols/http/h11_impl.py", line 403, in run_asgi
    |     result = await app(  # type: ignore[func-returns-value]
    |   File "/home/keef/nanochatkwizzle/.venv/lib/python3.10/site-packages/uvicorn/middleware/proxy_headers.py", line 60, in __call__
    |     return await self.app(scope, receive, send)
    |   File "/home/keef/nanochatkwizzle/.venv/lib/python3.10/site-packages/fastapi/applications.py", line 1160, in __call__
    |     await super().__call__(scope, receive, send)
    |   File "/home/keef/nanochatkwizzle/.venv/lib/python3.10/site-packages/starlette/applications.py", line 107, in __call__
    |     await self.middleware_stack(scope, receive, send)
    |   File "/home/keef/nanochatkwizzle/.venv/lib/python3.10/site-packages/starlette/middleware/errors.py", line 186, in __call__
    |     raise exc
    |   File "/home/keef/nanochatkwizzle/.venv/lib/python3.10/site-packages/starlette/middleware/errors.py", line 164, in __call__
    |     await self.app(scope, receive, _send)
    |   File "/home/keef/nanochatkwizzle/.venv/lib/python3.10/site-packages/starlette/middleware/cors.py", line 95, in __call__
    |     await self.simple_response(scope, receive, send, request_headers=headers)
    |   File "/home/keef/nanochatkwizzle/.venv/lib/python3.10/site-packages/starlette/middleware/cors.py", line 153, in simple_response
    |     await self.app(scope, receive, send)
    |   File "/home/keef/nanochatkwizzle/.venv/lib/python3.10/site-packages/starlette/middleware/exceptions.py", line 63, in __call__
    |     await wrap_app_handling_exceptions(self.app, conn)(scope, receive, send)
    |   File "/home/keef/nanochatkwizzle/.venv/lib/python3.10/site-packages/starlette/_exception_handler.py", line 53, in wrapped_app
    |     raise exc
    |   File "/home/keef/nanochatkwizzle/.venv/lib/python3.10/site-packages/starlette/_exception_handler.py", line 42, in wrapped_app
    |     await app(scope, receive, sender)
    |   File "/home/keef/nanochatkwizzle/.venv/lib/python3.10/site-packages/fastapi/middleware/asyncexitstack.py", line 18, in __call__
    |     await self.app(scope, receive, send)
    |   File "/home/keef/nanochatkwizzle/.venv/lib/python3.10/site-packages/starlette/routing.py", line 716, in __call__
    |     await self.middleware_stack(scope, receive, send)
    |   File "/home/keef/nanochatkwizzle/.venv/lib/python3.10/site-packages/starlette/routing.py", line 736, in app
    |     await route.handle(scope, receive, send)
    |   File "/home/keef/nanochatkwizzle/.venv/lib/python3.10/site-packages/starlette/routing.py", line 290, in handle
    |     await self.app(scope, receive, send)
    |   File "/home/keef/nanochatkwizzle/.venv/lib/python3.10/site-packages/fastapi/routing.py", line 130, in app
    |     await wrap_app_handling_exceptions(app, request)(scope, receive, send)
    |   File "/home/keef/nanochatkwizzle/.venv/lib/python3.10/site-packages/starlette/_exception_handler.py", line 53, in wrapped_app
    |     raise exc
    |   File "/home/keef/nanochatkwizzle/.venv/lib/python3.10/site-packages/starlette/_exception_handler.py", line 42, in wrapped_app
    |     await app(scope, receive, sender)
    |   File "/home/keef/nanochatkwizzle/.venv/lib/python3.10/site-packages/fastapi/routing.py", line 117, in app
    |     await response(scope, receive, send)
    |   File "/home/keef/nanochatkwizzle/.venv/lib/python3.10/site-packages/starlette/responses.py", line 269, in __call__
    |     with collapse_excgroups():
    |   File "/home/keef/.local/share/uv/python/cpython-3.10-linux-x86_64-gnu/lib/python3.10/contextlib.py", line 153, in __exit__
    |     self.gen.throw(typ, value, traceback)
    |   File "/home/keef/nanochatkwizzle/.venv/lib/python3.10/site-packages/starlette/_utils.py", line 87, in collapse_excgroups
    |     raise exc
    |   File "/home/keef/nanochatkwizzle/.venv/lib/python3.10/site-packages/starlette/responses.py", line 273, in wrap
    |     await func()
    |   File "/home/keef/nanochatkwizzle/.venv/lib/python3.10/site-packages/starlette/responses.py", line 253, in stream_response
    |     async for chunk in self.body_iterator:
    |   File "/home/keef/nanochatkwizzle/scripts/chat_web.py", line 1028, in stream_and_release
    |     async for chunk in generate_stream(
    |   File "/home/keef/nanochatkwizzle/scripts/chat_web.py", line 775, in generate_stream
    |     for token_column, token_masks in worker.engine.generate(
    |   File "/home/keef/nanochatkwizzle/.venv/lib/python3.10/site-packages/torch/utils/_contextlib.py", line 38, in generator_context
    |     response = gen.send(None)
    |   File "/home/keef/nanochatkwizzle/nanochat/engine.py", line 317, in generate
    |     next_ids = sample_next_token(logits, rng, temperature, top_k)  # (B, 1)
    |   File "/home/keef/nanochatkwizzle/.venv/lib/python3.10/site-packages/torch/utils/_contextlib.py", line 120, in decorate_context
    |     return func(*args, **kwargs)
    |   File "/home/keef/nanochatkwizzle/nanochat/engine.py", line 151, in sample_next_token
    |     choice = torch.multinomial(probs, num_samples=1, generator=rng)
    | RuntimeError: probability tensor contains either `inf`, `nan` or element < 0
    +------------------------------------

During handling of the above exception, another exception occurred:

Traceback (most recent call last):
  File "/home/keef/nanochatkwizzle/.venv/lib/python3.10/site-packages/uvicorn/protocols/http/h11_impl.py", line 403, in run_asgi
    result = await app(  # type: ignore[func-returns-value]
  File "/home/keef/nanochatkwizzle/.venv/lib/python3.10/site-packages/uvicorn/middleware/proxy_headers.py", line 60, in __call__
    return await self.app(scope, receive, send)
  File "/home/keef/nanochatkwizzle/.venv/lib/python3.10/site-packages/fastapi/applications.py", line 1160, in __call__
    await super().__call__(scope, receive, send)
  File "/home/keef/nanochatkwizzle/.venv/lib/python3.10/site-packages/starlette/applications.py", line 107, in __call__
    await self.middleware_stack(scope, receive, send)
  File "/home/keef/nanochatkwizzle/.venv/lib/python3.10/site-packages/starlette/middleware/errors.py", line 186, in __call__
    raise exc
  File "/home/keef/nanochatkwizzle/.venv/lib/python3.10/site-packages/starlette/middleware/errors.py", line 164, in __call__
    await self.app(scope, receive, _send)
  File "/home/keef/nanochatkwizzle/.venv/lib/python3.10/site-packages/starlette/middleware/cors.py", line 95, in __call__
    await self.simple_response(scope, receive, send, request_headers=headers)
  File "/home/keef/nanochatkwizzle/.venv/lib/python3.10/site-packages/starlette/middleware/cors.py", line 153, in simple_response
    await self.app(scope, receive, send)
  File "/home/keef/nanochatkwizzle/.venv/lib/python3.10/site-packages/starlette/middleware/exceptions.py", line 63, in __call__
    await wrap_app_handling_exceptions(self.app, conn)(scope, receive, send)
  File "/home/keef/nanochatkwizzle/.venv/lib/python3.10/site-packages/starlette/_exception_handler.py", line 53, in wrapped_app
    raise exc
  File "/home/keef/nanochatkwizzle/.venv/lib/python3.10/site-packages/starlette/_exception_handler.py", line 42, in wrapped_app
    await app(scope, receive, sender)
  File "/home/keef/nanochatkwizzle/.venv/lib/python3.10/site-packages/fastapi/middleware/asyncexitstack.py", line 18, in __call__
    await self.app(scope, receive, send)
  File "/home/keef/nanochatkwizzle/.venv/lib/python3.10/site-packages/starlette/routing.py", line 716, in __call__
    await self.middleware_stack(scope, receive, send)
  File "/home/keef/nanochatkwizzle/.venv/lib/python3.10/site-packages/starlette/routing.py", line 736, in app
    await route.handle(scope, receive, send)
  File "/home/keef/nanochatkwizzle/.venv/lib/python3.10/site-packages/starlette/routing.py", line 290, in handle
    await self.app(scope, receive, send)
  File "/home/keef/nanochatkwizzle/.venv/lib/python3.10/site-packages/fastapi/routing.py", line 130, in app
    await wrap_app_handling_exceptions(app, request)(scope, receive, send)
  File "/home/keef/nanochatkwizzle/.venv/lib/python3.10/site-packages/starlette/_exception_handler.py", line 53, in wrapped_app
    raise exc
  File "/home/keef/nanochatkwizzle/.venv/lib/python3.10/site-packages/starlette/_exception_handler.py", line 42, in wrapped_app
    await app(scope, receive, sender)
  File "/home/keef/nanochatkwizzle/.venv/lib/python3.10/site-packages/fastapi/routing.py", line 117, in app
    await response(scope, receive, send)
  File "/home/keef/nanochatkwizzle/.venv/lib/python3.10/site-packages/starlette/responses.py", line 269, in __call__
    with collapse_excgroups():
  File "/home/keef/.local/share/uv/python/cpython-3.10-linux-x86_64-gnu/lib/python3.10/contextlib.py", line 153, in __exit__
    self.gen.throw(typ, value, traceback)
  File "/home/keef/nanochatkwizzle/.venv/lib/python3.10/site-packages/starlette/_utils.py", line 87, in collapse_excgroups
    raise exc
  File "/home/keef/nanochatkwizzle/.venv/lib/python3.10/site-packages/starlette/responses.py", line 273, in wrap
    await func()
  File "/home/keef/nanochatkwizzle/.venv/lib/python3.10/site-packages/starlette/responses.py", line 253, in stream_response
    async for chunk in self.body_iterator:
  File "/home/keef/nanochatkwizzle/scripts/chat_web.py", line 1028, in stream_and_release
    async for chunk in generate_stream(
  File "/home/keef/nanochatkwizzle/scripts/chat_web.py", line 775, in generate_stream
    for token_column, token_masks in worker.engine.generate(
  File "/home/keef/nanochatkwizzle/.venv/lib/python3.10/site-packages/torch/utils/_contextlib.py", line 38, in generator_context
    response = gen.send(None)
  File "/home/keef/nanochatkwizzle/nanochat/engine.py", line 317, in generate
    next_ids = sample_next_token(logits, rng, temperature, top_k)  # (B, 1)
  File "/home/keef/nanochatkwizzle/.venv/lib/python3.10/site-packages/torch/utils/_contextlib.py", line 120, in decorate_context
    return func(*args, **kwargs)
  File "/home/keef/nanochatkwizzle/nanochat/engine.py", line 151, in sample_next_token
    choice = torch.multinomial(probs, num_samples=1, generator=rng)
RuntimeError: probability tensor contains either `inf`, `nan` or element < 0
2026-03-21 22:08:19,064 - __main__ - [32m[1mINFO[0m - Session: sess_xsjtb4s3q4f, AB Group: A
2026-03-21 22:08:19,064 - __main__ - [32m[1mINFO[0m - ====================
2026-03-21 22:08:19,064 - __main__ - [32m[1mINFO[0m - [USER]: Hello
2026-03-21 22:08:19,065 - __main__ - [32m[1mINFO[0m - [USER]: test
2026-03-21 22:08:19,065 - __main__ - [32m[1mINFO[0m - --------------------
INFO:     127.0.0.1:57866 - "POST /chat/completions HTTP/1.1" 200 OK
2026-03-21 22:08:19,077 - __main__ - [32m[1mINFO[0m - [ASSISTANT] (GPU 0): 
2026-03-21 22:08:19,078 - __main__ - [32m[1mINFO[0m - Stats: 0 tokens, 0.01s, 0.00 tok/s
2026-03-21 22:08:19,078 - __main__ - [32m[1mINFO[0m - ====================
ERROR:    Exception in ASGI application
  + Exception Group Traceback (most recent call last):
  |   File "/home/keef/nanochatkwizzle/.venv/lib/python3.10/site-packages/starlette/_utils.py", line 81, in collapse_excgroups
  |     yield
  |   File "/home/keef/nanochatkwizzle/.venv/lib/python3.10/site-packages/starlette/responses.py", line 270, in __call__
  |     async with anyio.create_task_group() as task_group:
  |   File "/home/keef/nanochatkwizzle/.venv/lib/python3.10/site-packages/anyio/_backends/_asyncio.py", line 772, in __aexit__
  |     raise BaseExceptionGroup(
  | exceptiongroup.ExceptionGroup: unhandled errors in a TaskGroup (1 sub-exception)
  +-+---------------- 1 ----------------
    | Traceback (most recent call last):
    |   File "/home/keef/nanochatkwizzle/.venv/lib/python3.10/site-packages/uvicorn/protocols/http/h11_impl.py", line 403, in run_asgi
    |     result = await app(  # type: ignore[func-returns-value]
    |   File "/home/keef/nanochatkwizzle/.venv/lib/python3.10/site-packages/uvicorn/middleware/proxy_headers.py", line 60, in __call__
    |     return await self.app(scope, receive, send)
    |   File "/home/keef/nanochatkwizzle/.venv/lib/python3.10/site-packages/fastapi/applications.py", line 1160, in __call__
    |     await super().__call__(scope, receive, send)
    |   File "/home/keef/nanochatkwizzle/.venv/lib/python3.10/site-packages/starlette/applications.py", line 107, in __call__
    |     await self.middleware_stack(scope, receive, send)
    |   File "/home/keef/nanochatkwizzle/.venv/lib/python3.10/site-packages/starlette/middleware/errors.py", line 186, in __call__
    |     raise exc
    |   File "/home/keef/nanochatkwizzle/.venv/lib/python3.10/site-packages/starlette/middleware/errors.py", line 164, in __call__
    |     await self.app(scope, receive, _send)
    |   File "/home/keef/nanochatkwizzle/.venv/lib/python3.10/site-packages/starlette/middleware/cors.py", line 95, in __call__
    |     await self.simple_response(scope, receive, send, request_headers=headers)
    |   File "/home/keef/nanochatkwizzle/.venv/lib/python3.10/site-packages/starlette/middleware/cors.py", line 153, in simple_response
    |     await self.app(scope, receive, send)
    |   File "/home/keef/nanochatkwizzle/.venv/lib/python3.10/site-packages/starlette/middleware/exceptions.py", line 63, in __call__
    |     await wrap_app_handling_exceptions(self.app, conn)(scope, receive, send)
    |   File "/home/keef/nanochatkwizzle/.venv/lib/python3.10/site-packages/starlette/_exception_handler.py", line 53, in wrapped_app
    |     raise exc
    |   File "/home/keef/nanochatkwizzle/.venv/lib/python3.10/site-packages/starlette/_exception_handler.py", line 42, in wrapped_app
    |     await app(scope, receive, sender)
    |   File "/home/keef/nanochatkwizzle/.venv/lib/python3.10/site-packages/fastapi/middleware/asyncexitstack.py", line 18, in __call__
    |     await self.app(scope, receive, send)
    |   File "/home/keef/nanochatkwizzle/.venv/lib/python3.10/site-packages/starlette/routing.py", line 716, in __call__
    |     await self.middleware_stack(scope, receive, send)
    |   File "/home/keef/nanochatkwizzle/.venv/lib/python3.10/site-packages/starlette/routing.py", line 736, in app
    |     await route.handle(scope, receive, send)
    |   File "/home/keef/nanochatkwizzle/.venv/lib/python3.10/site-packages/starlette/routing.py", line 290, in handle
    |     await self.app(scope, receive, send)
    |   File "/home/keef/nanochatkwizzle/.venv/lib/python3.10/site-packages/fastapi/routing.py", line 130, in app
    |     await wrap_app_handling_exceptions(app, request)(scope, receive, send)
    |   File "/home/keef/nanochatkwizzle/.venv/lib/python3.10/site-packages/starlette/_exception_handler.py", line 53, in wrapped_app
    |     raise exc
    |   File "/home/keef/nanochatkwizzle/.venv/lib/python3.10/site-packages/starlette/_exception_handler.py", line 42, in wrapped_app
    |     await app(scope, receive, sender)
    |   File "/home/keef/nanochatkwizzle/.venv/lib/python3.10/site-packages/fastapi/routing.py", line 117, in app
    |     await response(scope, receive, send)
    |   File "/home/keef/nanochatkwizzle/.venv/lib/python3.10/site-packages/starlette/responses.py", line 269, in __call__
    |     with collapse_excgroups():
    |   File "/home/keef/.local/share/uv/python/cpython-3.10-linux-x86_64-gnu/lib/python3.10/contextlib.py", line 153, in __exit__
    |     self.gen.throw(typ, value, traceback)
    |   File "/home/keef/nanochatkwizzle/.venv/lib/python3.10/site-packages/starlette/_utils.py", line 87, in collapse_excgroups
    |     raise exc
    |   File "/home/keef/nanochatkwizzle/.venv/lib/python3.10/site-packages/starlette/responses.py", line 273, in wrap
    |     await func()
    |   File "/home/keef/nanochatkwizzle/.venv/lib/python3.10/site-packages/starlette/responses.py", line 253, in stream_response
    |     async for chunk in self.body_iterator:
    |   File "/home/keef/nanochatkwizzle/scripts/chat_web.py", line 1028, in stream_and_release
    |     async for chunk in generate_stream(
    |   File "/home/keef/nanochatkwizzle/scripts/chat_web.py", line 775, in generate_stream
    |     for token_column, token_masks in worker.engine.generate(
    |   File "/home/keef/nanochatkwizzle/.venv/lib/python3.10/site-packages/torch/utils/_contextlib.py", line 38, in generator_context
    |     response = gen.send(None)
    |   File "/home/keef/nanochatkwizzle/nanochat/engine.py", line 317, in generate
    |     next_ids = sample_next_token(logits, rng, temperature, top_k)  # (B, 1)
    |   File "/home/keef/nanochatkwizzle/.venv/lib/python3.10/site-packages/torch/utils/_contextlib.py", line 120, in decorate_context
    |     return func(*args, **kwargs)
    |   File "/home/keef/nanochatkwizzle/nanochat/engine.py", line 151, in sample_next_token
    |     choice = torch.multinomial(probs, num_samples=1, generator=rng)
    | RuntimeError: probability tensor contains either `inf`, `nan` or element < 0
    +------------------------------------

During handling of the above exception, another exception occurred:

Traceback (most recent call last):
  File "/home/keef/nanochatkwizzle/.venv/lib/python3.10/site-packages/uvicorn/protocols/http/h11_impl.py", line 403, in run_asgi
    result = await app(  # type: ignore[func-returns-value]
  File "/home/keef/nanochatkwizzle/.venv/lib/python3.10/site-packages/uvicorn/middleware/proxy_headers.py", line 60, in __call__
    return await self.app(scope, receive, send)
  File "/home/keef/nanochatkwizzle/.venv/lib/python3.10/site-packages/fastapi/applications.py", line 1160, in __call__
    await super().__call__(scope, receive, send)
  File "/home/keef/nanochatkwizzle/.venv/lib/python3.10/site-packages/starlette/applications.py", line 107, in __call__
    await self.middleware_stack(scope, receive, send)
  File "/home/keef/nanochatkwizzle/.venv/lib/python3.10/site-packages/starlette/middleware/errors.py", line 186, in __call__
    raise exc
  File "/home/keef/nanochatkwizzle/.venv/lib/python3.10/site-packages/starlette/middleware/errors.py", line 164, in __call__
    await self.app(scope, receive, _send)
  File "/home/keef/nanochatkwizzle/.venv/lib/python3.10/site-packages/starlette/middleware/cors.py", line 95, in __call__
    await self.simple_response(scope, receive, send, request_headers=headers)
  File "/home/keef/nanochatkwizzle/.venv/lib/python3.10/site-packages/starlette/middleware/cors.py", line 153, in simple_response
    await self.app(scope, receive, send)
  File "/home/keef/nanochatkwizzle/.venv/lib/python3.10/site-packages/starlette/middleware/exceptions.py", line 63, in __call__
    await wrap_app_handling_exceptions(self.app, conn)(scope, receive, send)
  File "/home/keef/nanochatkwizzle/.venv/lib/python3.10/site-packages/starlette/_exception_handler.py", line 53, in wrapped_app
    raise exc
  File "/home/keef/nanochatkwizzle/.venv/lib/python3.10/site-packages/starlette/_exception_handler.py", line 42, in wrapped_app
    await app(scope, receive, sender)
  File "/home/keef/nanochatkwizzle/.venv/lib/python3.10/site-packages/fastapi/middleware/asyncexitstack.py", line 18, in __call__
    await self.app(scope, receive, send)
  File "/home/keef/nanochatkwizzle/.venv/lib/python3.10/site-packages/starlette/routing.py", line 716, in __call__
    await self.middleware_stack(scope, receive, send)
  File "/home/keef/nanochatkwizzle/.venv/lib/python3.10/site-packages/starlette/routing.py", line 736, in app
    await route.handle(scope, receive, send)
  File "/home/keef/nanochatkwizzle/.venv/lib/python3.10/site-packages/starlette/routing.py", line 290, in handle
    await self.app(scope, receive, send)
  File "/home/keef/nanochatkwizzle/.venv/lib/python3.10/site-packages/fastapi/routing.py", line 130, in app
    await wrap_app_handling_exceptions(app, request)(scope, receive, send)
  File "/home/keef/nanochatkwizzle/.venv/lib/python3.10/site-packages/starlette/_exception_handler.py", line 53, in wrapped_app
    raise exc
  File "/home/keef/nanochatkwizzle/.venv/lib/python3.10/site-packages/starlette/_exception_handler.py", line 42, in wrapped_app
    await app(scope, receive, sender)
  File "/home/keef/nanochatkwizzle/.venv/lib/python3.10/site-packages/fastapi/routing.py", line 117, in app
    await response(scope, receive, send)
  File "/home/keef/nanochatkwizzle/.venv/lib/python3.10/site-packages/starlette/responses.py", line 269, in __call__
    with collapse_excgroups():
  File "/home/keef/.local/share/uv/python/cpython-3.10-linux-x86_64-gnu/lib/python3.10/contextlib.py", line 153, in __exit__
    self.gen.throw(typ, value, traceback)
  File "/home/keef/nanochatkwizzle/.venv/lib/python3.10/site-packages/starlette/_utils.py", line 87, in collapse_excgroups
    raise exc
  File "/home/keef/nanochatkwizzle/.venv/lib/python3.10/site-packages/starlette/responses.py", line 273, in wrap
    await func()
  File "/home/keef/nanochatkwizzle/.venv/lib/python3.10/site-packages/starlette/responses.py", line 253, in stream_response
    async for chunk in self.body_iterator:
  File "/home/keef/nanochatkwizzle/scripts/chat_web.py", line 1028, in stream_and_release
    async for chunk in generate_stream(
  File "/home/keef/nanochatkwizzle/scripts/chat_web.py", line 775, in generate_stream
    for token_column, token_masks in worker.engine.generate(
  File "/home/keef/nanochatkwizzle/.venv/lib/python3.10/site-packages/torch/utils/_contextlib.py", line 38, in generator_context
    response = gen.send(None)
  File "/home/keef/nanochatkwizzle/nanochat/engine.py", line 317, in generate
    next_ids = sample_next_token(logits, rng, temperature, top_k)  # (B, 1)
  File "/home/keef/nanochatkwizzle/.venv/lib/python3.10/site-packages/torch/utils/_contextlib.py", line 120, in decorate_context
    return func(*args, **kwargs)
  File "/home/keef/nanochatkwizzle/nanochat/engine.py", line 151, in sample_next_token
    choice = torch.multinomial(probs, num_samples=1, generator=rng)
RuntimeError: probability tensor contains either `inf`, `nan` or element < 0
INFO:     Shutting down
INFO:     Waiting for application shutdown.
INFO:     Application shutdown complete.
INFO:     Finished server process [228322]
